Type: Warning Num: 5
Date: 2024.02.04 16:57:07 741
Sender: Available_Devices System_Info::Get_Emulator_Info( const QString &path, bool *ok,VM::Emulator_Version version, const QString &internalName )
Message: Cannot get net cards info from emulator "/usr/bin/qemu-system-arm". Use default list

Type: Error Num: 8
Date: 2024.02.04 16:57:08 131
Sender: Available_Devices System_Info::Get_Emulator_Info( const QString &path, bool *ok,VM::Emulator_Version version, const QString &internalName )
Message: Cannot get QEMU network card ID string!

Type: Warning Num: 9
Date: 2024.02.04 16:57:08 131
Sender: Available_Devices System_Info::Get_Emulator_Info( const QString &path, bool *ok,VM::Emulator_Version version, const QString &internalName )
Message: Cannot get net cards info from emulator "/usr/bin/qemu-system-cris". Use default list

Type: Error Num: 12
Date: 2024.02.04 16:57:08 547
Sender: Available_Devices System_Info::Get_Emulator_Info( const QString &path, bool *ok,VM::Emulator_Version version, const QString &internalName )
Message: Cannot get QEMU network card ID string!

Type: Warning Num: 13
Date: 2024.02.04 16:57:08 547
Sender: Available_Devices System_Info::Get_Emulator_Info( const QString &path, bool *ok,VM::Emulator_Version version, const QString &internalName )
Message: Cannot get net cards info from emulator "/usr/bin/qemu-system-m68k". Use default list

Type: Warning Num: 16
Date: 2024.02.04 16:57:08 766
Sender: Available_Devices System_Info::Get_Emulator_Info( const QString &path, bool *ok,VM::Emulator_Version version, const QString &internalName )
Message: Cannot get CPU's info from emulator "/usr/bin/qemu-system-microblaze". Use default list

Type: Error Num: 17
Date: 2024.02.04 16:57:08 905
Sender: Available_Devices System_Info::Get_Emulator_Info( const QString &path, bool *ok,VM::Emulator_Version version, const QString &internalName )
Message: Cannot get QEMU network card ID string!

Type: Warning Num: 18
Date: 2024.02.04 16:57:08 905
Sender: Available_Devices System_Info::Get_Emulator_Info( const QString &path, bool *ok,VM::Emulator_Version version, const QString &internalName )
Message: Cannot get net cards info from emulator "/usr/bin/qemu-system-microblaze". Use default list

Type: Error Num: 21
Date: 2024.02.04 16:57:09 298
Sender: Available_Devices System_Info::Get_Emulator_Info( const QString &path, bool *ok,VM::Emulator_Version version, const QString &internalName )
Message: Cannot get QEMU network card ID string!

Type: Warning Num: 22
Date: 2024.02.04 16:57:09 298
Sender: Available_Devices System_Info::Get_Emulator_Info( const QString &path, bool *ok,VM::Emulator_Version version, const QString &internalName )
Message: Cannot get net cards info from emulator "/usr/bin/qemu-system-mips". Use default list

Type: Error Num: 25
Date: 2024.02.04 16:57:09 684
Sender: Available_Devices System_Info::Get_Emulator_Info( const QString &path, bool *ok,VM::Emulator_Version version, const QString &internalName )
Message: Cannot get QEMU network card ID string!

Type: Warning Num: 26
Date: 2024.02.04 16:57:09 685
Sender: Available_Devices System_Info::Get_Emulator_Info( const QString &path, bool *ok,VM::Emulator_Version version, const QString &internalName )
Message: Cannot get net cards info from emulator "/usr/bin/qemu-system-mips64". Use default list

Type: Error Num: 29
Date: 2024.02.04 16:57:10 057
Sender: Available_Devices System_Info::Get_Emulator_Info( const QString &path, bool *ok,VM::Emulator_Version version, const QString &internalName )
Message: Cannot get QEMU network card ID string!

Type: Warning Num: 30
Date: 2024.02.04 16:57:10 057
Sender: Available_Devices System_Info::Get_Emulator_Info( const QString &path, bool *ok,VM::Emulator_Version version, const QString &internalName )
Message: Cannot get net cards info from emulator "/usr/bin/qemu-system-mips64el". Use default list

Type: Error Num: 33
Date: 2024.02.04 16:57:10 430
Sender: Available_Devices System_Info::Get_Emulator_Info( const QString &path, bool *ok,VM::Emulator_Version version, const QString &internalName )
Message: Cannot get QEMU network card ID string!

Type: Warning Num: 34
Date: 2024.02.04 16:57:10 430
Sender: Available_Devices System_Info::Get_Emulator_Info( const QString &path, bool *ok,VM::Emulator_Version version, const QString &internalName )
Message: Cannot get net cards info from emulator "/usr/bin/qemu-system-mipsel". Use default list

Type: Error Num: 37
Date: 2024.02.04 16:57:10 869
Sender: Available_Devices System_Info::Get_Emulator_Info( const QString &path, bool *ok,VM::Emulator_Version version, const QString &internalName )
Message: Cannot get QEMU network card ID string!

Type: Warning Num: 38
Date: 2024.02.04 16:57:10 869
Sender: Available_Devices System_Info::Get_Emulator_Info( const QString &path, bool *ok,VM::Emulator_Version version, const QString &internalName )
Message: Cannot get net cards info from emulator "/usr/bin/qemu-system-ppc". Use default list

Type: Error Num: 41
Date: 2024.02.04 16:57:11 339
Sender: Available_Devices System_Info::Get_Emulator_Info( const QString &path, bool *ok,VM::Emulator_Version version, const QString &internalName )
Message: Cannot get QEMU network card ID string!

Type: Warning Num: 42
Date: 2024.02.04 16:57:11 339
Sender: Available_Devices System_Info::Get_Emulator_Info( const QString &path, bool *ok,VM::Emulator_Version version, const QString &internalName )
Message: Cannot get net cards info from emulator "/usr/bin/qemu-system-ppc64". Use default list

Type: Warning Num: 45
Date: 2024.02.04 16:57:11 711
Sender: Available_Devices System_Info::Get_Emulator_Info( const QString &path, bool *ok,VM::Emulator_Version version, const QString &internalName )
Message: Cannot get net cards info from emulator "/usr/bin/qemu-system-sh4". Use default list

Type: Warning Num: 48
Date: 2024.02.04 16:57:12 094
Sender: Available_Devices System_Info::Get_Emulator_Info( const QString &path, bool *ok,VM::Emulator_Version version, const QString &internalName )
Message: Cannot get net cards info from emulator "/usr/bin/qemu-system-sh4eb". Use default list

Type: Warning Num: 51
Date: 2024.02.04 16:57:12 300
Sender: Available_Devices System_Info::Get_Emulator_Info( const QString &path, bool *ok,VM::Emulator_Version version, const QString &internalName )
Message: Cannot get CPU's info from emulator "/usr/bin/qemu-system-sparc". Use default list

Type: Error Num: 52
Date: 2024.02.04 16:57:12 443
Sender: Available_Devices System_Info::Get_Emulator_Info( const QString &path, bool *ok,VM::Emulator_Version version, const QString &internalName )
Message: Cannot get QEMU network card ID string!

Type: Warning Num: 53
Date: 2024.02.04 16:57:12 443
Sender: Available_Devices System_Info::Get_Emulator_Info( const QString &path, bool *ok,VM::Emulator_Version version, const QString &internalName )
Message: Cannot get net cards info from emulator "/usr/bin/qemu-system-sparc". Use default list

Type: Warning Num: 56
Date: 2024.02.04 16:57:12 659
Sender: Available_Devices System_Info::Get_Emulator_Info( const QString &path, bool *ok,VM::Emulator_Version version, const QString &internalName )
Message: Cannot get CPU's info from emulator "/usr/bin/qemu-system-sparc64". Use default list

Type: Warning Num: 57
Date: 2024.02.04 16:57:12 805
Sender: Available_Devices System_Info::Get_Emulator_Info( const QString &path, bool *ok,VM::Emulator_Version version, const QString &internalName )
Message: Cannot get net cards info from emulator "/usr/bin/qemu-system-sparc64". Use default list

Type: Error Num: 60
Date: 2024.02.04 16:57:13 282
Sender: Available_Devices System_Info::Get_Emulator_Info( const QString &path, bool *ok,VM::Emulator_Version version, const QString &internalName )
Message: Cannot get QEMU network card ID string!

Type: Warning Num: 61
Date: 2024.02.04 16:57:13 282
Sender: Available_Devices System_Info::Get_Emulator_Info( const QString &path, bool *ok,VM::Emulator_Version version, const QString &internalName )
Message: Cannot get net cards info from emulator "/usr/bin/qemu-system-x86_64". Use default list

Type: Warning Num: 69
Date: 2024.02.04 16:57:18 909
Sender: bool Emulator::Load( const QString &path )
Message: No "qemu-system-ppcemb" element!

Type: Warning Num: 72
Date: 2024.02.04 16:57:18 958
Sender: bool Emulator::Load( const QString &path )
Message: No "qemu-system-ppcemb" element!

Type: Warning Num: 2
Date: 2024.02.04 16:57:28 586
Sender: bool Emulator::Load( const QString &path )
Message: No "qemu-system-ppcemb" element!

Type: Warning Num: 2
Date: 2024.02.04 17:46:15 892
Sender: bool Emulator::Load( const QString &path )
Message: No "qemu-system-ppcemb" element!

Type: Warning Num: 2
Date: 2024.02.04 17:50:32 427
Sender: bool Emulator::Load( const QString &path )
Message: No "qemu-system-ppcemb" element!

Type: Warning Num: 4
Date: 2024.02.04 17:50:32 580
Sender: bool Emulator::Load( const QString &path )
Message: No "qemu-system-ppcemb" element!

Type: Error Num: 5
Date: 2024.02.04 17:50:32 622
Sender: void Main_Window::init_dbus()
Message: registered

Type: Warning Num: 6
Date: 2024.02.04 17:50:32 623
Sender: Main_Window::Main_Window( QWidget *parent )
Message: No VM Loaded!

Type: Warning Num: 7
Date: 2024.02.04 17:51:44 292
Sender: bool Virtual_Machine::Load_VM( const QString &file_name )
Message: Uses compatible mode for config version 0.5

Type: Error Num: 9
Date: 2024.02.04 17:51:44 292
Sender: void Update_Current_Emulator_Devices()
Message: Cannot Load Info About This Emulator! AQEMU Doesn't Work!

Type: Error Num: 13
Date: 2024.02.04 17:51:44 293
Sender: void Update_Current_Emulator_Devices()
Message: Cannot Load Info About This Emulator! AQEMU Doesn't Work!

