2024-02-09 21:09:33.205 [info] Added views:workbench.panel.markers.view in workbench.panel.markers
2024-02-09 21:09:33.205 [info] Added views:workbench.panel.output in workbench.panel.output
2024-02-09 21:09:33.205 [info] Added views:terminal in terminal
2024-02-09 21:09:33.205 [info] Added views:outline in workbench.view.explorer
2024-02-09 21:09:33.205 [info] Added views:workbench.scm in workbench.view.scm
2024-02-09 21:09:33.205 [info] Added views:workbench.view.search in workbench.view.search
2024-02-09 21:09:33.205 [info] Added views:timeline in workbench.view.explorer
2024-02-09 21:09:33.205 [info] Added views:workbench.explorer.emptyView in workbench.view.explorer
2024-02-09 21:09:33.740 [info] Added views:workbench.debug.variablesView,workbench.debug.watchExpressionsView,workbench.debug.callStackView,workbench.debug.breakPointsView in workbench.view.debug
2024-02-09 21:09:34.133 [info] Added views:~remote.forwardedPorts in ~remote.forwardedPortsContainer
2024-02-09 21:09:34.266 [info] Added views:workbench.panel.repl.view in workbench.panel.repl
2024-02-09 21:09:34.267 [info] Removed views:workbench.debug.breakPointsView,workbench.debug.callStackView,workbench.debug.watchExpressionsView,workbench.debug.variablesView from workbench.view.debug
2024-02-09 21:09:34.269 [info] Added views:workbench.debug.welcome in workbench.view.debug
2024-02-09 21:10:03.207 [info] Added views:workbench.views.extensions.installed,workbench.views.extensions.popular,extensions.recommendedList in workbench.view.extensions
2024-02-09 21:10:03.210 [info] Removed views:workbench.views.extensions.popular from workbench.view.extensions
2024-02-09 21:10:03.596 [info] Added views:workbench.views.extensions.popular in workbench.view.extensions
2024-02-09 21:10:03.831 [info] Removed views:extensions.recommendedList,workbench.views.extensions.popular,workbench.views.extensions.installed from workbench.view.extensions
2024-02-09 21:10:03.855 [info] Added views:workbench.views.extensions.marketplace in workbench.view.extensions
2024-02-09 21:11:55.231 [info] Added views:workbench.panel.markers.view in workbench.panel.markers
2024-02-09 21:11:55.232 [info] Added views:workbench.panel.output in workbench.panel.output
2024-02-09 21:11:55.232 [info] Added views:terminal in terminal
2024-02-09 21:11:55.232 [info] Added views:outline in workbench.view.explorer
2024-02-09 21:11:55.232 [info] Added views:workbench.scm in workbench.view.scm
2024-02-09 21:11:55.232 [info] Added views:workbench.view.search in workbench.view.search
2024-02-09 21:11:55.232 [info] Added views:timeline in workbench.view.explorer
2024-02-09 21:11:55.232 [info] Added views:workbench.explorer.fileView in workbench.view.explorer
2024-02-09 21:11:55.689 [info] Added views:workbench.debug.variablesView,workbench.debug.watchExpressionsView,workbench.debug.callStackView,workbench.debug.breakPointsView in workbench.view.debug
2024-02-09 21:11:55.798 [info] Added views:~remote.forwardedPorts in ~remote.forwardedPortsContainer
2024-02-09 21:11:56.038 [info] Added views:workbench.panel.repl.view in workbench.panel.repl
2024-02-09 21:11:56.042 [info] Removed views:workbench.debug.breakPointsView,workbench.debug.callStackView,workbench.debug.watchExpressionsView,workbench.debug.variablesView from workbench.view.debug
2024-02-09 21:11:56.044 [info] Added views:workbench.debug.welcome in workbench.view.debug
2024-02-09 21:12:02.639 [info] Added views:workbench.view.testing in workbench.view.extension.test
2024-02-09 21:12:02.669 [info] Added views:dartDependencyTree in workbench.view.explorer
2024-02-09 21:12:02.677 [info] Added views:dartFlutterSidebar,dartFlutterOutline in workbench.view.extension.flutter
2024-02-09 21:13:11.777 [info] Added views:workbench.views.extensions.installed,workbench.views.extensions.popular,extensions.recommendedList in workbench.view.extensions
2024-02-09 21:13:11.780 [info] Removed views:workbench.views.extensions.popular from workbench.view.extensions
2024-02-09 21:13:12.377 [info] Removed views:extensions.recommendedList,workbench.views.extensions.installed from workbench.view.extensions
2024-02-09 21:13:12.395 [info] Added views:workbench.views.extensions.marketplace in workbench.view.extensions
2024-02-09 21:30:23.326 [info] Removed views:workbench.view.testing from workbench.view.extension.test
