2024-02-09 21:09:34.650 [info] Log level: Info
2024-02-09 21:09:34.650 [info] Validating found git in: "git"
2024-02-09 21:09:34.650 [info] Using git "2.43.0" from "git"
2024-02-09 21:12:02.327 [info] Log level: Info
2024-02-09 21:12:02.327 [info] Validating found git in: "git"
2024-02-09 21:12:02.327 [info] Using git "2.43.0" from "git"
2024-02-09 21:12:02.327 [info] > git rev-parse --show-toplevel [37ms]
2024-02-09 21:12:02.334 [info] > git rev-parse --git-dir --git-common-dir [1ms]
2024-02-09 21:12:02.346 [info] Open repository: /home/kaya-sem/Documents/rooftopper
2024-02-09 21:12:02.363 [info] > git rev-parse --show-toplevel [4ms]
2024-02-09 21:12:02.364 [info] > git config --get commit.template [9ms]
2024-02-09 21:12:02.379 [info] > git rev-parse --show-toplevel [8ms]
2024-02-09 21:12:02.385 [info] > git for-each-ref --format=%(refname)%00%(upstream:short)%00%(objectname)%00%(upstream:track)%00%(upstream:remotename)%00%(upstream:remoteref) refs/heads/main refs/remotes/main [8ms]
2024-02-09 21:12:02.386 [info] > git rev-parse --show-toplevel [2ms]
2024-02-09 21:12:02.399 [info] > git rev-parse --show-toplevel [8ms]
2024-02-09 21:12:02.404 [info] > git status -z -uall [6ms]
2024-02-09 21:12:02.418 [info] > git rev-parse --show-toplevel [14ms]
2024-02-09 21:12:02.425 [info] > git config --get commit.template [7ms]
2024-02-09 21:12:02.427 [info] > git rev-parse --show-toplevel [3ms]
2024-02-09 21:12:02.492 [info] > git rev-parse --show-toplevel [54ms]
2024-02-09 21:12:02.494 [info] > git for-each-ref --format=%(refname)%00%(upstream:short)%00%(objectname)%00%(upstream:track)%00%(upstream:remotename)%00%(upstream:remoteref) refs/heads/main refs/remotes/main [61ms]
2024-02-09 21:12:02.525 [info] > git status -z -uall [2ms]
2024-02-09 21:12:02.875 [info] > git check-ignore -v -z --stdin [1ms]
2024-02-09 21:12:15.823 [info] > git check-ignore -v -z --stdin [4ms]
2024-02-09 21:12:16.433 [info] > git show --textconv :lib/main.dart [13ms]
2024-02-09 21:12:16.440 [info] > git ls-files --stage -- /home/kaya-sem/Documents/rooftopper/lib/main.dart [8ms]
2024-02-09 21:12:16.457 [info] > git cat-file -s 8e940891213b854cceb67cedbdf7639ce76192a3 [1ms]
2024-02-09 21:14:29.006 [info] > git show --textconv :lib/main.dart [15ms]
2024-02-09 21:14:29.008 [info] > git ls-files --stage -- /home/kaya-sem/Documents/rooftopper/lib/main.dart [4ms]
2024-02-09 21:14:29.021 [info] > git cat-file -s 8e940891213b854cceb67cedbdf7639ce76192a3 [3ms]
2024-02-09 21:14:53.163 [info] > git show --textconv :lib/main.dart [7ms]
2024-02-09 21:14:53.164 [info] > git ls-files --stage -- /home/kaya-sem/Documents/rooftopper/lib/main.dart [2ms]
2024-02-09 21:14:53.171 [info] > git cat-file -s 8e940891213b854cceb67cedbdf7639ce76192a3 [2ms]
2024-02-09 21:15:11.178 [info] > git config --get commit.template [24ms]
2024-02-09 21:15:11.180 [info] > git for-each-ref --format=%(refname)%00%(upstream:short)%00%(objectname)%00%(upstream:track)%00%(upstream:remotename)%00%(upstream:remoteref) refs/heads/main refs/remotes/main [6ms]
2024-02-09 21:15:11.205 [info] > git status -z -uall [6ms]
