[2024-02-05 14:50:02.783] [info]  No state version found, assuming empty state.
[2024-02-05 14:50:39.597] [info]  Error: No password found
[2024-02-05 14:50:39.762] [info]  Error: No password found
[2024-02-05 14:50:39.763] [info]  Error: No password found
[2024-02-05 14:50:39.798] [info]  TypeError: Cannot read properties of undefined (reading 'deleteBiometricKey')
    at BiometricsService.<anonymous> (/usr/lib/bitwarden/app.asar/main.js:49742:55)
    at Generator.next (<anonymous>)
    at /usr/lib/bitwarden/app.asar/main.js:49650:71
    at new Promise (<anonymous>)
    at biometrics_service_awaiter (/usr/lib/bitwarden/app.asar/main.js:49646:12)
    at BiometricsService.deleteBiometricKey (/usr/lib/bitwarden/app.asar/main.js:49740:16)
    at DesktopCredentialStorageListener.<anonymous> (/usr/lib/bitwarden/app.asar/main.js:49949:45)
    at Generator.next (<anonymous>)
    at /usr/lib/bitwarden/app.asar/main.js:49826:71
    at new Promise (<anonymous>)
[2024-02-05 14:50:39.800] [info]  TypeError: Cannot read properties of undefined (reading 'deleteBiometricKey')
    at BiometricsService.<anonymous> (/usr/lib/bitwarden/app.asar/main.js:49742:55)
    at Generator.next (<anonymous>)
    at /usr/lib/bitwarden/app.asar/main.js:49650:71
    at new Promise (<anonymous>)
    at biometrics_service_awaiter (/usr/lib/bitwarden/app.asar/main.js:49646:12)
    at BiometricsService.deleteBiometricKey (/usr/lib/bitwarden/app.asar/main.js:49740:16)
    at DesktopCredentialStorageListener.<anonymous> (/usr/lib/bitwarden/app.asar/main.js:49949:45)
    at Generator.next (<anonymous>)
    at /usr/lib/bitwarden/app.asar/main.js:49826:71
    at new Promise (<anonymous>)
[2024-02-05 14:50:40.067] [info]  Finished search indexing
[2024-02-05 14:50:40.987] [info]  Finished search indexing
[2024-02-05 14:51:03.517] [error] TypeError: Object has been destroyed
    at WindowMain.<anonymous> (/usr/lib/bitwarden/app.asar/main.js:48177:36)
    at Generator.next (<anonymous>)
    at /usr/lib/bitwarden/app.asar/main.js:47947:71
    at new Promise (<anonymous>)
    at window_main_awaiter (/usr/lib/bitwarden/app.asar/main.js:47943:12)
    at WindowMain.updateWindowState (/usr/lib/bitwarden/app.asar/main.js:48172:16)
    at WindowMain.<anonymous> (/usr/lib/bitwarden/app.asar/main.js:48106:28)
    at Generator.next (<anonymous>)
    at /usr/lib/bitwarden/app.asar/main.js:47947:71
    at new Promise (<anonymous>)
[2024-02-05 14:51:42.730] [info]  State version: 9
[2024-02-05 14:51:42.738] [info]  Migrator Hc (to version 2) should migrate: false - up
[2024-02-05 14:51:42.739] [info]  Migrator Nc (to version 3) should migrate: false - up
[2024-02-05 14:51:42.742] [info]  Migrator Fc (to version 4) should migrate: false - up
[2024-02-05 14:51:42.743] [info]  Migrator Rc (to version 5) should migrate: false - up
[2024-02-05 14:51:42.744] [info]  Migrator Kc (to version 6) should migrate: false - up
[2024-02-05 14:51:42.745] [info]  Migrator Jc (to version 7) should migrate: false - up
[2024-02-05 14:51:42.745] [info]  Migrator zc (to version 8) should migrate: false - up
[2024-02-05 14:51:42.745] [info]  Migrator Gc (to version 9) should migrate: false - up
[2024-02-05 14:51:42.794] [info]  Error: No password found
[2024-02-05 14:51:42.840] [info]  Error: No password found
[2024-02-05 14:51:42.874] [info]  Error: No password found
[2024-02-05 14:51:43.013] [info]  Error: No password found
[2024-02-05 14:51:43.019] [info]  Error: No password found
[2024-02-05 14:51:43.093] [info]  Error: No password found
[2024-02-05 14:51:43.122] [info]  TypeError: Cannot read properties of undefined (reading 'osSupportsBiometric')
    at BiometricsService.<anonymous> (/usr/lib/bitwarden/app.asar/main.js:49689:55)
    at Generator.next (<anonymous>)
    at /usr/lib/bitwarden/app.asar/main.js:49650:71
    at new Promise (<anonymous>)
    at biometrics_service_awaiter (/usr/lib/bitwarden/app.asar/main.js:49646:12)
    at BiometricsService.osSupportsBiometric (/usr/lib/bitwarden/app.asar/main.js:49688:16)
    at BiometricsService.<anonymous> (/usr/lib/bitwarden/app.asar/main.js:49699:58)
    at Generator.next (<anonymous>)
    at fulfilled (/usr/lib/bitwarden/app.asar/main.js:49647:58)
[2024-02-05 14:51:43.123] [info]  TypeError: Cannot read properties of undefined (reading 'osSupportsBiometric')
    at BiometricsService.<anonymous> (/usr/lib/bitwarden/app.asar/main.js:49689:55)
    at Generator.next (<anonymous>)
    at /usr/lib/bitwarden/app.asar/main.js:49650:71
    at new Promise (<anonymous>)
    at biometrics_service_awaiter (/usr/lib/bitwarden/app.asar/main.js:49646:12)
    at BiometricsService.osSupportsBiometric (/usr/lib/bitwarden/app.asar/main.js:49688:16)
    at DesktopCredentialStorageListener.<anonymous> (/usr/lib/bitwarden/app.asar/main.js:49898:59)
    at Generator.next (<anonymous>)
    at /usr/lib/bitwarden/app.asar/main.js:49826:71
    at new Promise (<anonymous>)
[2024-02-05 14:51:43.223] [info]  Error: No password found
[2024-02-05 14:51:43.286] [info]  Error: No password found
[2024-02-05 14:51:43.944] [info]  Error: No password found
[2024-02-05 14:51:43.967] [info]  Error: No password found
[2024-02-05 14:51:44.052] [info]  Error: No password found
[2024-02-05 14:51:44.165] [info]  Error: No password found
[2024-02-05 14:51:44.169] [info]  Error: No password found
[2024-02-05 14:51:44.347] [info]  Error: No password found
[2024-02-05 14:51:45.914] [info]  Error: No password found
[2024-02-05 14:51:47.231] [info]  TypeError: Cannot read properties of undefined (reading 'deleteBiometricKey')
    at BiometricsService.<anonymous> (/usr/lib/bitwarden/app.asar/main.js:49742:55)
    at Generator.next (<anonymous>)
    at /usr/lib/bitwarden/app.asar/main.js:49650:71
    at new Promise (<anonymous>)
    at biometrics_service_awaiter (/usr/lib/bitwarden/app.asar/main.js:49646:12)
    at BiometricsService.deleteBiometricKey (/usr/lib/bitwarden/app.asar/main.js:49740:16)
    at DesktopCredentialStorageListener.<anonymous> (/usr/lib/bitwarden/app.asar/main.js:49949:45)
    at Generator.next (<anonymous>)
    at /usr/lib/bitwarden/app.asar/main.js:49826:71
    at new Promise (<anonymous>)
[2024-02-05 14:51:47.237] [info]  TypeError: Cannot read properties of undefined (reading 'deleteBiometricKey')
    at BiometricsService.<anonymous> (/usr/lib/bitwarden/app.asar/main.js:49742:55)
    at Generator.next (<anonymous>)
    at /usr/lib/bitwarden/app.asar/main.js:49650:71
    at new Promise (<anonymous>)
    at biometrics_service_awaiter (/usr/lib/bitwarden/app.asar/main.js:49646:12)
    at BiometricsService.deleteBiometricKey (/usr/lib/bitwarden/app.asar/main.js:49740:16)
    at DesktopCredentialStorageListener.<anonymous> (/usr/lib/bitwarden/app.asar/main.js:49949:45)
    at Generator.next (<anonymous>)
    at /usr/lib/bitwarden/app.asar/main.js:49826:71
    at new Promise (<anonymous>)
[2024-02-05 14:51:47.564] [info]  Finished search indexing
[2024-02-05 14:52:15.111] [error] TypeError: Object has been destroyed
    at WindowMain.<anonymous> (/usr/lib/bitwarden/app.asar/main.js:48177:36)
    at Generator.next (<anonymous>)
    at /usr/lib/bitwarden/app.asar/main.js:47947:71
    at new Promise (<anonymous>)
    at window_main_awaiter (/usr/lib/bitwarden/app.asar/main.js:47943:12)
    at WindowMain.updateWindowState (/usr/lib/bitwarden/app.asar/main.js:48172:16)
    at WindowMain.<anonymous> (/usr/lib/bitwarden/app.asar/main.js:48106:28)
    at Generator.next (<anonymous>)
    at /usr/lib/bitwarden/app.asar/main.js:47947:71
    at new Promise (<anonymous>)
[2024-02-08 20:47:54.697] [info]  State version: 9
[2024-02-08 20:47:54.707] [info]  Migrator Nu (to version 2) should migrate: false - up
[2024-02-08 20:47:54.709] [info]  Migrator Su (to version 3) should migrate: false - up
[2024-02-08 20:47:54.709] [info]  Migrator Au (to version 4) should migrate: false - up
[2024-02-08 20:47:54.711] [info]  Migrator _u (to version 5) should migrate: false - up
[2024-02-08 20:47:54.712] [info]  Migrator Ou (to version 6) should migrate: false - up
[2024-02-08 20:47:54.713] [info]  Migrator ku (to version 7) should migrate: false - up
[2024-02-08 20:47:54.714] [info]  Migrator Pu (to version 8) should migrate: false - up
[2024-02-08 20:47:54.715] [info]  Migrator Du (to version 9) should migrate: false - up
[2024-02-08 20:47:54.716] [info]  Migrator du (to version 10) should migrate: true - up
[2024-02-08 20:47:54.734] [info]  Setting user_8cd6c919-5221-4fa0-8f05-b0f80156c14e_crypto_everHadUserKey
[2024-02-08 20:47:54.749] [info]  Setting 8cd6c919-5221-4fa0-8f05-b0f80156c14e
[2024-02-08 20:47:54.781] [info]  Migrator du (to version 10) migrated - up
[2024-02-08 20:47:54.782] [info]  Setting stateVersion
[2024-02-08 20:47:54.793] [info]  Migrator du (to version 10) updated version - up
[2024-02-08 20:47:54.794] [info]  Migrator gu (to version 11) should migrate: true - up
[2024-02-08 20:47:54.808] [info]  Setting user_8cd6c919-5221-4fa0-8f05-b0f80156c14e_crypto_organizationKeys
[2024-02-08 20:47:54.823] [info]  Setting 8cd6c919-5221-4fa0-8f05-b0f80156c14e
[2024-02-08 20:47:54.848] [info]  Migrator gu (to version 11) migrated - up
[2024-02-08 20:47:54.849] [info]  Setting stateVersion
[2024-02-08 20:47:54.858] [info]  Migrator gu (to version 11) updated version - up
[2024-02-08 20:47:54.859] [info]  Migrator wu (to version 12) should migrate: true - up
[2024-02-08 20:47:54.864] [info]  Setting global_environment_region
[2024-02-08 20:47:54.875] [info]  Setting global_environment_urls
[2024-02-08 20:47:54.899] [info]  Setting user_8cd6c919-5221-4fa0-8f05-b0f80156c14e_environment_region
[2024-02-08 20:47:54.911] [info]  Setting user_8cd6c919-5221-4fa0-8f05-b0f80156c14e_environment_urls
[2024-02-08 20:47:54.923] [info]  Setting 8cd6c919-5221-4fa0-8f05-b0f80156c14e
[2024-02-08 20:47:54.938] [info]  Setting global
[2024-02-08 20:47:54.949] [info]  Migrator wu (to version 12) migrated - up
[2024-02-08 20:47:54.950] [info]  Setting stateVersion
[2024-02-08 20:47:54.960] [info]  Migrator wu (to version 12) updated version - up
[2024-02-08 20:47:55.098] [info]  Error: No password found
[2024-02-08 20:47:55.155] [info]  Error: No password found
[2024-02-08 20:47:55.198] [info]  Error: No password found
[2024-02-08 20:47:55.343] [info]  Error: No password found
[2024-02-08 20:47:55.348] [info]  Error: No password found
[2024-02-08 20:47:55.421] [info]  Error: No password found
[2024-02-08 20:47:55.552] [info]  Error: No password found
[2024-02-08 20:47:56.030] [info]  Error: No password found
[2024-02-08 20:47:56.229] [info]  Error: No password found
[2024-02-08 20:47:56.299] [info]  Error: No password found
[2024-02-08 20:47:56.318] [info]  Error: No password found
[2024-02-08 20:47:56.413] [info]  Error: No password found
[2024-02-08 20:47:56.420] [info]  Error: No password found
[2024-02-08 20:47:56.592] [info]  Error: No password found
[2024-02-08 20:47:58.237] [info]  Error: No password found
[2024-02-08 20:47:59.825] [info]  Finished search indexing
[2024-02-08 20:48:25.744] [error] TypeError: Object has been destroyed
    at WindowMain.<anonymous> (/usr/lib/bitwarden/app.asar/main.js:48863:36)
    at Generator.next (<anonymous>)
    at /usr/lib/bitwarden/app.asar/main.js:48631:71
    at new Promise (<anonymous>)
    at window_main_awaiter (/usr/lib/bitwarden/app.asar/main.js:48627:12)
    at WindowMain.updateWindowState (/usr/lib/bitwarden/app.asar/main.js:48858:16)
    at WindowMain.<anonymous> (/usr/lib/bitwarden/app.asar/main.js:48792:28)
    at Generator.next (<anonymous>)
    at /usr/lib/bitwarden/app.asar/main.js:48631:71
    at new Promise (<anonymous>)
