2024-01-01 10:18:50 Loading main app package /usr/lib/obsidian/obsidian.asar
2024-01-01 10:18:50 Checking for update using Github
2024-01-01 10:18:52 Success.
2024-01-01 10:18:52 Latest version is 1.5.3
2024-01-01 10:18:52 App is up to date.
2024-01-01 11:52:27 Loading main app package /usr/lib/obsidian/obsidian.asar
2024-01-01 11:52:27 Checking for update using Github
2024-01-01 11:52:27 Success.
2024-01-01 11:52:27 Latest version is 1.5.3
2024-01-01 11:52:27 App is up to date.
2024-01-02 10:03:48 Loading main app package /usr/lib/obsidian/obsidian.asar
2024-01-02 10:03:49 Checking for update using Github
2024-01-02 10:03:49 Success.
2024-01-02 10:03:49 Latest version is 1.5.3
2024-01-02 10:03:49 App is up to date.
2024-01-02 12:31:05 Loading main app package /usr/lib/obsidian/obsidian.asar
2024-01-02 12:31:05 Checking for update using Github
2024-01-02 12:31:05 Success.
2024-01-02 12:31:05 Latest version is 1.5.3
2024-01-02 12:31:05 App is up to date.
2024-01-02 14:15:25 Checking for update using Github
2024-01-02 14:15:25 Success.
2024-01-02 14:15:25 Latest version is 1.5.3
2024-01-02 14:15:25 App is up to date.
2024-01-02 14:15:31 Loading main app package /usr/lib/obsidian/obsidian.asar
2024-01-02 14:15:31 Checking for update using Github
2024-01-02 14:16:23 Loading main app package /usr/lib/obsidian/obsidian.asar
2024-01-02 14:16:23 Checking for update using Github
2024-01-02 14:16:23 Success.
2024-01-02 14:16:23 Latest version is 1.5.3
2024-01-02 14:16:23 App is up to date.
2024-01-02 15:08:33 Loading main app package /usr/lib/obsidian/obsidian.asar
2024-01-02 15:08:34 Checking for update using Github
2024-01-02 15:08:34 Success.
2024-01-02 15:08:34 Latest version is 1.5.3
2024-01-02 15:08:34 App is up to date.
2024-01-02 16:05:35 Loading main app package /usr/lib/obsidian/obsidian.asar
2024-01-02 16:05:35 Checking for update using Github
2024-01-02 16:05:35 Success.
2024-01-02 16:05:35 Latest version is 1.5.3
2024-01-02 16:05:35 App is up to date.
2024-01-03 10:16:56 Loading main app package /usr/lib/obsidian/obsidian.asar
2024-01-03 10:16:56 Checking for update using Github
2024-01-03 10:16:56 Success.
2024-01-03 10:16:56 Latest version is 1.5.3
2024-01-03 10:16:56 App is up to date.
2024-01-03 11:39:29 Checking for update using Github
2024-01-03 11:39:29 Success.
2024-01-03 11:39:29 Latest version is 1.5.3
2024-01-03 11:39:29 App is up to date.
2024-01-03 12:42:06 Loading main app package /usr/lib/obsidian/obsidian.asar
2024-01-03 12:42:06 Checking for update using Github
2024-01-03 12:42:07 Success.
2024-01-03 12:42:07 Latest version is 1.5.3
2024-01-03 12:42:07 App is up to date.
2024-01-03 15:24:39 Loading main app package /usr/lib/obsidian/obsidian.asar
2024-01-03 15:24:39 Checking for update using Github
2024-01-03 15:24:39 Success.
2024-01-03 15:24:39 Latest version is 1.5.3
2024-01-03 15:24:39 App is up to date.
2024-01-03 16:24:39 Checking for update using Github
2024-01-03 16:24:39 Success.
2024-01-03 16:24:39 Latest version is 1.5.3
2024-01-03 16:24:39 App is up to date.
2024-01-04 09:36:40 Loading main app package /usr/lib/obsidian/obsidian.asar
2024-01-04 09:36:40 Checking for update using Github
2024-01-04 09:36:40 Success.
2024-01-04 09:36:40 Latest version is 1.5.3
2024-01-04 09:36:40 App is up to date.
2024-01-04 09:57:39 Loading main app package /usr/lib/obsidian/obsidian.asar
2024-01-04 09:57:39 Checking for update using Github
2024-01-04 09:57:40 Success.
2024-01-04 09:57:40 Latest version is 1.5.3
2024-01-04 09:57:40 App is up to date.
2024-01-04 10:04:33 Loading main app package /usr/lib/obsidian/obsidian.asar
2024-01-04 10:04:33 Checking for update using Github
2024-01-04 10:04:33 Success.
2024-01-04 10:04:33 Latest version is 1.5.3
2024-01-04 10:04:33 App is up to date.
2024-01-04 10:25:02 Loading main app package /usr/lib/obsidian/obsidian.asar
2024-01-04 10:25:02 Checking for update using Github
2024-01-04 11:03:30 Loading main app package /usr/lib/obsidian/obsidian.asar
2024-01-04 11:03:31 Checking for update using Github
2024-01-04 11:03:31 Success.
2024-01-04 11:03:31 Latest version is 1.5.3
2024-01-04 11:03:31 App is up to date.
2024-01-04 11:46:29 Loading main app package /usr/lib/obsidian/obsidian.asar
2024-01-04 11:46:30 Checking for update using Github
2024-01-04 11:46:30 Success.
2024-01-04 11:46:30 Latest version is 1.5.3
2024-01-04 11:46:30 App is up to date.
2024-01-04 14:05:12 Loading main app package /usr/lib/obsidian/obsidian.asar
2024-01-04 14:05:12 Checking for update using Github
2024-01-04 14:05:12 Success.
2024-01-04 14:05:12 Latest version is 1.5.3
2024-01-04 14:05:12 App is up to date.
2024-01-04 15:07:42 Loading main app package /usr/lib/obsidian/obsidian.asar
2024-01-04 15:07:42 Checking for update using Github
2024-01-04 15:07:42 Success.
2024-01-04 15:07:42 Latest version is 1.5.3
2024-01-04 15:07:42 App is up to date.
2024-01-04 15:13:37 Loading main app package /usr/lib/obsidian/obsidian.asar
2024-01-04 15:13:37 Checking for update using Github
2024-01-05 10:46:24 Loading main app package /usr/lib/obsidian/obsidian.asar
2024-01-05 10:46:24 Checking for update using Github
2024-01-05 10:46:24 Success.
2024-01-05 10:46:24 Latest version is 1.5.3
2024-01-05 10:46:24 App is up to date.
2024-01-05 11:13:15 Loading main app package /usr/lib/obsidian/obsidian.asar
2024-01-05 11:13:15 Checking for update using Github
2024-01-05 11:13:15 Success.
2024-01-05 11:13:15 Latest version is 1.5.3
2024-01-05 11:13:15 App is up to date.
2024-01-05 20:25:18 Loading main app package /usr/lib/obsidian/obsidian.asar
2024-01-05 20:25:18 Checking for update using Github
2024-01-05 20:25:19 Success.
2024-01-05 20:25:19 Latest version is 1.5.3
2024-01-05 20:25:19 App is up to date.
2024-01-05 20:26:08 Loading main app package /usr/lib/obsidian/obsidian.asar
2024-01-05 20:26:08 Checking for update using Github
2024-01-05 20:26:08 Success.
2024-01-05 20:26:08 Latest version is 1.5.3
2024-01-05 20:26:08 App is up to date.
2024-01-05 20:28:11 Loading main app package /usr/lib/obsidian/obsidian.asar
2024-01-05 20:28:11 Checking for update using Github
2024-01-05 20:28:12 Success.
2024-01-05 20:28:12 Latest version is 1.5.3
2024-01-05 20:28:12 App is up to date.
2024-01-05 20:52:14 Loading main app package /usr/lib/obsidian/obsidian.asar
2024-01-05 20:52:14 Checking for update using Github
2024-01-05 20:52:14 Success.
2024-01-05 20:52:14 Latest version is 1.5.3
2024-01-05 20:52:14 App is up to date.
2024-01-05 20:59:16 Loading main app package /usr/lib/obsidian/obsidian.asar
2024-01-05 20:59:16 Checking for update using Github
2024-01-05 20:59:16 Success.
2024-01-05 20:59:16 Latest version is 1.5.3
2024-01-05 20:59:16 App is up to date.
2024-01-05 21:00:25 Loading main app package /usr/lib/obsidian/obsidian.asar
2024-01-05 21:00:26 Checking for update using Github
2024-01-05 21:00:26 Success.
2024-01-05 21:00:26 Latest version is 1.5.3
2024-01-05 21:00:26 App is up to date.
2024-01-05 21:01:41 Loading main app package /usr/lib/obsidian/obsidian.asar
2024-01-05 21:01:41 Checking for update using Github
2024-01-05 21:01:41 Success.
2024-01-05 21:01:41 Latest version is 1.5.3
2024-01-05 21:01:41 App is up to date.
2024-01-05 21:05:01 Loading main app package /usr/lib/obsidian/obsidian.asar
2024-01-05 21:05:01 Checking for update using Github
2024-01-05 21:05:01 Success.
2024-01-05 21:05:01 Latest version is 1.5.3
2024-01-05 21:05:01 App is up to date.
2024-01-05 21:17:59 Loading main app package /usr/lib/obsidian/obsidian.asar
2024-01-05 21:17:59 Checking for update using Github
2024-01-05 21:17:59 Success.
2024-01-05 21:17:59 Latest version is 1.5.3
2024-01-05 21:17:59 App is up to date.
2024-01-05 21:18:34 Loading main app package /usr/lib/obsidian/obsidian.asar
2024-01-05 21:18:34 Checking for update using Github
2024-01-05 21:18:34 Success.
2024-01-05 21:18:34 Latest version is 1.5.3
2024-01-05 21:18:34 App is up to date.
2024-01-05 21:20:31 Loading main app package /usr/lib/obsidian/obsidian.asar
2024-01-05 21:20:31 Checking for update using Github
2024-01-05 21:20:31 Success.
2024-01-05 21:20:31 Latest version is 1.5.3
2024-01-05 21:20:31 App is up to date.
2024-01-06 13:38:14 Loading main app package /usr/lib/obsidian/obsidian.asar
2024-01-06 13:38:14 Checking for update using Github
2024-01-06 13:38:14 Success.
2024-01-06 13:38:14 Latest version is 1.5.3
2024-01-06 13:38:14 App is up to date.
2024-01-06 15:31:49 Loading main app package /usr/lib/obsidian/obsidian.asar
2024-01-06 15:31:49 Checking for update using Github
2024-01-06 15:31:49 Success.
2024-01-06 15:31:49 Latest version is 1.5.3
2024-01-06 15:31:49 App is up to date.
2024-01-06 20:33:51 Loading main app package /usr/lib/obsidian/obsidian.asar
2024-01-06 20:33:52 Checking for update using Github
2024-01-06 20:33:52 Success.
2024-01-06 20:33:52 Latest version is 1.5.3
2024-01-06 20:33:52 App is up to date.
2024-01-07 13:50:37 Loading main app package /usr/lib/obsidian/obsidian.asar
2024-01-07 13:50:38 Checking for update using Github
2024-01-07 13:50:38 Success.
2024-01-07 13:50:38 Latest version is 1.5.3
2024-01-07 13:50:38 App is up to date.
2024-01-07 20:22:10 Loading main app package /usr/lib/obsidian/obsidian.asar
2024-01-07 20:22:11 Checking for update using Github
2024-01-07 20:22:11 Success.
2024-01-07 20:22:11 Latest version is 1.5.3
2024-01-07 20:22:11 App is up to date.
2024-01-09 13:30:22 Loading main app package /usr/lib/obsidian/obsidian.asar
2024-01-09 13:30:22 Checking for update using Github
2024-01-09 13:30:22 Success.
2024-01-09 13:30:22 Latest version is 1.5.3
2024-01-09 13:30:22 App is up to date.
2024-01-09 18:33:34 Loading main app package /usr/lib/obsidian/obsidian.asar
2024-01-09 18:33:35 Checking for update using Github
2024-01-09 18:33:35 Success.
2024-01-09 18:33:35 Latest version is 1.5.3
2024-01-09 18:33:35 App is up to date.
2024-01-10 19:38:32 Loading main app package /usr/lib/obsidian/obsidian.asar
2024-01-10 19:38:32 Checking for update using Github
2024-01-10 19:38:32 Success.
2024-01-10 19:38:32 Latest version is 1.5.3
2024-01-10 19:38:32 App is up to date.
2024-01-13 14:13:59 Loading main app package /usr/lib/obsidian/obsidian.asar
2024-01-13 14:14:00 Checking for update using Github
2024-01-13 14:14:00 Success.
2024-01-13 14:14:00 Latest version is 1.5.3
2024-01-13 14:14:00 App is up to date.
2024-01-13 14:16:08 Loading main app package /usr/lib/obsidian/obsidian.asar
2024-01-13 14:16:08 Checking for update using Github
2024-01-13 14:16:08 Success.
2024-01-13 14:16:08 Latest version is 1.5.3
2024-01-13 14:16:08 App is up to date.
2024-01-13 14:16:54 Loading main app package /usr/lib/obsidian/obsidian.asar
2024-01-13 14:16:54 Checking for update using Github
2024-01-13 14:16:54 Success.
2024-01-13 14:16:54 Latest version is 1.5.3
2024-01-13 14:16:54 App is up to date.
2024-01-13 14:17:29 Loading main app package /usr/lib/obsidian/obsidian.asar
2024-01-13 14:17:29 Checking for update using Github
2024-01-13 14:17:29 Success.
2024-01-13 14:17:29 Latest version is 1.5.3
2024-01-13 14:17:29 App is up to date.
2024-01-13 15:17:29 Checking for update using Github
2024-01-13 15:17:29 Success.
2024-01-13 15:17:29 Latest version is 1.5.3
2024-01-13 15:17:29 App is up to date.
2024-01-14 17:26:50 Loading main app package /usr/lib/obsidian/obsidian.asar
2024-01-14 17:26:51 Checking for update using Github
2024-01-14 17:26:51 Success.
2024-01-14 17:26:51 Latest version is 1.5.3
2024-01-14 17:26:51 App is up to date.
2024-01-14 22:53:45 Loading main app package /usr/lib/obsidian/obsidian.asar
2024-01-14 22:53:45 Checking for update using Github
2024-01-14 22:53:45 Success.
2024-01-14 22:53:45 Latest version is 1.5.3
2024-01-14 22:53:45 App is up to date.
2024-01-15 14:15:16 Loading main app package /usr/lib/obsidian/obsidian.asar
2024-01-15 14:15:16 Checking for update using Github
2024-01-15 14:15:17 Success.
2024-01-15 14:15:17 Latest version is 1.5.3
2024-01-15 14:15:17 App is up to date.
2024-01-15 14:30:33 Loading main app package /usr/lib/obsidian/obsidian.asar
2024-01-15 14:30:33 Checking for update using Github
2024-01-15 14:30:33 Success.
2024-01-15 14:30:33 Latest version is 1.5.3
2024-01-15 14:30:33 App is up to date.
2024-01-15 14:33:23 Loading main app package /usr/lib/obsidian/obsidian.asar
2024-01-15 14:33:24 Checking for update using Github
2024-01-15 14:33:24 Success.
2024-01-15 14:33:24 Latest version is 1.5.3
2024-01-15 14:33:24 App is up to date.
2024-01-19 09:38:28 Loading main app package /usr/lib/obsidian/obsidian.asar
2024-01-19 09:38:28 Checking for update using Github
2024-01-19 09:38:28 Success.
2024-01-19 09:38:28 Latest version is 1.5.3
2024-01-19 09:38:28 App is up to date.
2024-01-19 09:46:36 Loading main app package /usr/lib/obsidian/obsidian.asar
2024-01-19 09:46:36 Checking for update using Github
2024-01-19 09:46:36 Success.
2024-01-19 09:46:36 Latest version is 1.5.3
2024-01-19 09:46:36 App is up to date.
2024-01-19 09:53:20 Loading main app package /usr/lib/obsidian/obsidian.asar
2024-01-19 09:53:20 Checking for update using Github
2024-01-19 09:53:20 Success.
2024-01-19 09:53:20 Latest version is 1.5.3
2024-01-19 09:53:20 App is up to date.
2024-01-19 15:59:00 Loading main app package /usr/lib/obsidian/obsidian.asar
2024-01-19 15:59:00 Checking for update using Github
2024-01-19 15:59:01 Success.
2024-01-19 15:59:01 Latest version is 1.5.3
2024-01-19 15:59:01 App is up to date.
2024-01-19 16:29:42 Loading main app package /usr/lib/obsidian/obsidian.asar
2024-01-19 16:29:43 Checking for update using Github
2024-01-19 16:29:43 Success.
2024-01-19 16:29:43 Latest version is 1.5.3
2024-01-19 16:29:43 App is up to date.
2024-01-20 10:52:58 Loading main app package /usr/lib/obsidian/obsidian.asar
2024-01-20 10:52:59 Checking for update using Github
2024-01-20 10:52:59 Success.
2024-01-20 10:52:59 Latest version is 1.5.3
2024-01-20 10:52:59 App is up to date.
2024-01-20 10:57:20 Loading main app package /usr/lib/obsidian/obsidian.asar
2024-01-20 10:57:21 Checking for update using Github
2024-01-20 10:57:21 Success.
2024-01-20 10:57:21 Latest version is 1.5.3
2024-01-20 10:57:21 App is up to date.
2024-02-02 15:04:34 Loading main app package /usr/lib/obsidian/obsidian.asar
2024-02-02 15:04:34 Loading main app package /usr/lib/obsidian/obsidian.asar
2024-02-02 15:04:34 Checking for update using Github
2024-02-02 15:04:34 Checking for update using Github
2024-02-02 15:04:34 Success.
2024-02-02 15:04:34 Latest version is 1.5.3
2024-02-02 15:04:34 App is up to date.
2024-02-03 15:28:54 Loading main app package /usr/lib/obsidian/obsidian.asar
2024-02-03 15:28:54 Checking for update using Github
2024-02-03 15:28:54 Success.
2024-02-03 15:28:54 Latest version is 1.5.3
2024-02-03 15:28:54 App is up to date.
2024-02-03 15:31:17 Loading main app package /usr/lib/obsidian/obsidian.asar
2024-02-03 15:31:17 Checking for update using Github
2024-02-03 15:31:17 Success.
2024-02-03 15:31:17 Latest version is 1.5.3
2024-02-03 15:31:17 App is up to date.
2024-02-04 15:09:10 Loading main app package /usr/lib/obsidian/obsidian.asar
2024-02-04 15:09:10 Checking for update using Github
2024-02-04 15:09:10 Success.
2024-02-04 15:09:10 Latest version is 1.5.3
2024-02-04 15:09:10 App is up to date.
2024-02-04 15:09:16 Loading main app package /usr/lib/obsidian/obsidian.asar
2024-02-04 15:09:16 Checking for update using Github
2024-02-04 15:09:16 Success.
2024-02-04 15:09:16 Latest version is 1.5.3
2024-02-04 15:09:16 App is up to date.
