00:00:02.088594 VirtualBox GUI VM Selector Window 7.0.14 r161095 linux.amd64 (Jan 19 2024 13:54:29) release log
00:00:02.088598 Log opened 2024-02-04T15:37:15.199788000Z
00:00:02.088599 Build Type: release
00:00:02.088602 OS Product: Linux
00:00:02.088605 OS Release: 6.7.3-arch1-1
00:00:02.088607 OS Version: #1 SMP PREEMPT_DYNAMIC Thu, 01 Feb 2024 10:30:35 +0000
00:00:02.088636 DMI Product Name: HP Pavilion Laptop 15-cs0xxx
00:00:02.088652 DMI Product Version: Type1ProductConfigId
00:00:02.088659 Firmware type: UEFI
00:00:02.089574 Secure Boot: Disabled
00:00:02.089646 Host RAM: 7824MB (7.6GB) total, 5842MB (5.7GB) available
00:00:02.089652 Executable: /usr/lib/virtualbox/VirtualBox
00:00:02.089653 Process ID: 136905
00:00:02.089654 Package type: LINUX_64BITS_GENERIC (OSE)
00:00:02.089747 Qt version: 5.15.12
00:00:02.091310 GUI: UIMediumEnumerator: Initial medium-enumeration finished!
00:00:02.098649 GUI: UIMediumEnumerator: Medium-enumeration started...
00:00:02.098703 GUI: UIMediumEnumerator: Medium-enumeration finished!
00:00:03.206310 GUI: UIDesktopWidgetWatchdog::sltHandleHostScreenAvailableGeometryCalculated: Screen 0 work area is actually resized to: 8x8 x 947x1064
00:03:15.415460 GUI: UICommon: Handling aboutToQuit request..
00:03:15.896416 GUI: UICommon: aboutToQuit request handled!
