00:00:00.000421 main     VirtualBox XPCOM Server 7.0.12 r159484 linux.amd64 (Oct 17 2023 12:57:12) release log
00:00:00.000424 main     Log opened 2024-01-16T09:37:10.976707000Z
00:00:00.000425 main     Build Type: release
00:00:00.000429 main     OS Product: Linux
00:00:00.000431 main     OS Release: 6.6.10-arch1-1
00:00:00.000433 main     OS Version: #1 SMP PREEMPT_DYNAMIC Fri, 05 Jan 2024 16:20:41 +0000
00:00:00.000462 main     DMI Product Name: HP Pavilion Laptop 15-cs0xxx
00:00:00.000477 main     DMI Product Version: Type1ProductConfigId
00:00:00.000484 main     Firmware type: UEFI
00:00:00.001645 main     Secure Boot: Disabled
00:00:00.001725 main     Host RAM: 7824MB (7.6GB) total, 7020MB (6.8GB) available
00:00:00.001730 main     Executable: /usr/lib/virtualbox/VBoxSVC
00:00:00.001730 main     Process ID: 3910
00:00:00.001731 main     Package type: LINUX_64BITS_GENERIC (OSE)
00:00:00.004036 main     IPC socket path: /tmp/.vbox-kaya-sem-ipc/ipcd
00:00:00.111977 nspr-2   VirtualBox: object creation starts
00:00:00.112234 nspr-2   Home directory: '/home/kaya-sem/.config/VirtualBox'
00:00:00.112743 nspr-2   Loading settings file "/home/kaya-sem/.config/VirtualBox/VirtualBox.xml" with version "1.12-linux"
00:00:00.158851 nspr-2   NetIfAdpCtlOut: VBoxNetAdpCtl: Error while retrieving link speed for wlan0: VBoxNetAdpCtl: ioctl failed: Operation not supported
00:00:00.160861 nspr-2   HostDnsMonitor: initializing
00:00:00.161442 nspr-2   NAT: resolv.conf: nameserver 192.168.1.1
00:00:00.161472 nspr-2   NAT: resolv.conf: nameserver fdaa:fbbc:bfdd:eef0:ff:f1d0::
00:00:00.161484 nspr-2   NAT: resolv.conf: nameserver 192.168.100.1
00:00:00.161506 nspr-2   HostDnsMonitor: updating information
00:00:00.161548 nspr-2   HostDnsMonitor: old information
00:00:00.161557 nspr-2     no server entries
00:00:00.161566 nspr-2     no domain set
00:00:00.161573 nspr-2     no search string entries
00:00:00.161581 nspr-2   HostDnsMonitor: new information
00:00:00.161589 nspr-2     server 1: 192.168.1.1
00:00:00.161598 nspr-2     server 2: fdaa:fbbc:bfdd:eef0:ff:f1d0::
00:00:00.161606 nspr-2     server 3: 192.168.100.1
00:00:00.161614 nspr-2     domain: home
00:00:00.161622 nspr-2     search string 1: home
00:00:00.164960 nspr-2   Failed to open "/dev/vboxdrvu", errno=2, rc=VERR_VM_DRIVER_NOT_INSTALLED
00:00:00.165169 nspr-2   VD: VDInit finished with VINF_SUCCESS
00:00:00.165311 nspr-2   ERROR [COM]: aRC=NS_ERROR_FAILURE (0x80004005) aIID={aac6c7cb-a371-4c58-ab51-0616896b2f2c} aComponent={SystemPropertiesWrap} aText={Cannot determine default Guest Additions ISO location. Most likely they are not available}, preserve=false aResultDetail=0
00:00:00.166485 nspr-2   VirtualBox: object created
00:00:00.811594 nspr-2   WARNING [COM]: aRC=NS_ERROR_FAILURE (0x80004005) aIID={e54f6256-97a7-4947-8a78-10c013ddf4b8} aComponent={HostWrap} aText={VirtualBox is not currently allowed to access USB devices.  You can change this by adding your user to the 'vboxusers' group.  Please see the user manual for a more detailed explanation}, preserve=false aResultDetail=0
00:00:01.191811 nspr-2   Saving settings file "/home/kaya-sem/.config/VirtualBox/VirtualBox.xml" with version "1.12-linux"
00:00:01.202305 nspr-2   Finished saving settings file "/home/kaya-sem/.config/VirtualBox/VirtualBox.xml"
00:00:03.830250 nspr-3   ERROR [COM]: aRC=NS_ERROR_FAILURE (0x80004005) aIID={aac6c7cb-a371-4c58-ab51-0616896b2f2c} aComponent={SystemPropertiesWrap} aText={Cannot determine default Guest Additions ISO location. Most likely they are not available}, preserve=false aResultDetail=0
00:00:20.938199 nspr-3   Unattended: RTVfsQueryPathInfo(, '\OS2IMAGE/DISK_0/OS2LDR' (from OS2SE20.SRC),) -> VERR_PATH_NOT_FOUND, fMode=0x0
00:00:20.964195 nspr-3   Saving settings file "/home/kaya-sem/.config/VirtualBox/VirtualBox.xml" with version "1.12-linux"
00:00:20.967814 nspr-3   Finished saving settings file "/home/kaya-sem/.config/VirtualBox/VirtualBox.xml"
00:00:20.969673 nspr-3   Saving settings file "/home/kaya-sem/.config/VirtualBox/VirtualBox.xml" with version "1.12-linux"
00:00:20.975162 nspr-3   Finished saving settings file "/home/kaya-sem/.config/VirtualBox/VirtualBox.xml"
00:00:40.620865 createBase Saving settings file "/home/kaya-sem/.config/VirtualBox/VirtualBox.xml" with version "1.12-linux"
00:00:40.641892 createBase Finished saving settings file "/home/kaya-sem/.config/VirtualBox/VirtualBox.xml"
00:00:40.648696 nspr-3   WARNING [COM]: aRC=NS_ERROR_FAILURE (0x80004005) aIID={e54f6256-97a7-4947-8a78-10c013ddf4b8} aComponent={HostWrap} aText={VirtualBox is not currently allowed to access USB devices.  You can change this by adding your user to the 'vboxusers' group.  Please see the user manual for a more detailed explanation}, preserve=true aResultDetail=0
00:00:40.649837 nspr-4   Saving settings file "/home/kaya-sem/VirtualBox VMs/Linux/Linux.vbox" with version "1.19-linux"
00:00:40.660393 nspr-4   Finished saving settings file "/home/kaya-sem/VirtualBox VMs/Linux/Linux.vbox"
00:00:40.660541 nspr-4   Saving settings file "/home/kaya-sem/.config/VirtualBox/VirtualBox.xml" with version "1.12-linux"
00:00:40.664237 nspr-4   Finished saving settings file "/home/kaya-sem/.config/VirtualBox/VirtualBox.xml"
00:00:40.667126 nspr-4   Saving settings file "/home/kaya-sem/.config/VirtualBox/VirtualBox.xml" with version "1.12-linux"
00:00:40.671960 nspr-4   Finished saving settings file "/home/kaya-sem/.config/VirtualBox/VirtualBox.xml"
00:00:40.678048 nspr-4   Saving settings file "/home/kaya-sem/.config/VirtualBox/VirtualBox.xml" with version "1.12-linux"
00:00:40.682703 nspr-4   Finished saving settings file "/home/kaya-sem/.config/VirtualBox/VirtualBox.xml"
00:00:40.683190 nspr-4   Saving settings file "/home/kaya-sem/VirtualBox VMs/Linux/Linux.vbox" with version "1.19-linux"
00:00:40.686489 nspr-4   Finished saving settings file "/home/kaya-sem/VirtualBox VMs/Linux/Linux.vbox"
00:00:40.743106 nspr-5   Saving settings file "/home/kaya-sem/.config/VirtualBox/VirtualBox.xml" with version "1.12-linux"
00:00:40.747669 nspr-5   Finished saving settings file "/home/kaya-sem/.config/VirtualBox/VirtualBox.xml"
00:00:41.129039 nspr-2   WARNING [COM]: aRC=NS_ERROR_FAILURE (0x80004005) aIID={e54f6256-97a7-4947-8a78-10c013ddf4b8} aComponent={HostWrap} aText={VirtualBox is not currently allowed to access USB devices.  You can change this by adding your user to the 'vboxusers' group.  Please see the user manual for a more detailed explanation}, preserve=true aResultDetail=0
00:00:41.173904 nspr-2   ERROR [COM]: aRC=VBOX_E_INVALID_VM_STATE (0x80bb0002) aIID={300763af-5d6b-46e6-aa96-273eac15538a} aComponent={MachineWrap} aText={The machine is not mutable (state is PoweredOff)}, preserve=false aResultDetail=0
00:00:41.175229 nspr-3   Failed to open "/dev/vboxdrvu", errno=2, rc=VERR_VM_DRIVER_NOT_INSTALLED
00:00:41.319642 nspr-2   WARNING [COM]: aRC=NS_ERROR_FAILURE (0x80004005) aIID={e54f6256-97a7-4947-8a78-10c013ddf4b8} aComponent={HostWrap} aText={VirtualBox is not currently allowed to access USB devices.  You can change this by adding your user to the 'vboxusers' group.  Please see the user manual for a more detailed explanation}, preserve=true aResultDetail=0
00:00:41.320922 nspr-2   WARNING [COM]: aRC=NS_ERROR_FAILURE (0x80004005) aIID={e54f6256-97a7-4947-8a78-10c013ddf4b8} aComponent={HostWrap} aText={VirtualBox is not currently allowed to access USB devices.  You can change this by adding your user to the 'vboxusers' group.  Please see the user manual for a more detailed explanation}, preserve=true aResultDetail=0
00:00:45.790740 nspr-5   Launched VM: 2147507376 pid: 3972 (0xf84) frontend: GUI/Qt name: Linux
00:00:45.844309 nspr-3   ERROR [COM]: aRC=VBOX_E_INVALID_VM_STATE (0x80bb0002) aIID={300763af-5d6b-46e6-aa96-273eac15538a} aComponent={MachineWrap} aText={The machine is not mutable (state is PoweredOff)}, preserve=false aResultDetail=0
00:00:45.845372 nspr-3   Failed to open "/dev/vboxdrvu", errno=2, rc=VERR_VM_DRIVER_NOT_INSTALLED
00:00:45.873951 nspr-3   WARNING [COM]: aRC=NS_ERROR_FAILURE (0x80004005) aIID={e54f6256-97a7-4947-8a78-10c013ddf4b8} aComponent={HostWrap} aText={VirtualBox is not currently allowed to access USB devices.  You can change this by adding your user to the 'vboxusers' group.  Please see the user manual for a more detailed explanation}, preserve=true aResultDetail=0
00:00:45.875141 nspr-3   WARNING [COM]: aRC=NS_ERROR_FAILURE (0x80004005) aIID={e54f6256-97a7-4947-8a78-10c013ddf4b8} aComponent={HostWrap} aText={VirtualBox is not currently allowed to access USB devices.  You can change this by adding your user to the 'vboxusers' group.  Please see the user manual for a more detailed explanation}, preserve=true aResultDetail=0
00:00:46.292009 Watcher  ERROR [COM]: aRC=NS_ERROR_FAILURE (0x80004005) aIID={300763af-5d6b-46e6-aa96-273eac15538a} aComponent={MachineWrap} aText={The virtual machine 'Linux' has terminated unexpectedly during startup with exit code 1 (0x1)}, preserve=false aResultDetail=0
00:00:46.400920 nspr-2   ERROR [COM]: aRC=VBOX_E_INVALID_VM_STATE (0x80bb0002) aIID={300763af-5d6b-46e6-aa96-273eac15538a} aComponent={MachineWrap} aText={The machine is not mutable (state is PoweredOff)}, preserve=false aResultDetail=0
00:00:46.402026 nspr-5   Failed to open "/dev/vboxdrvu", errno=2, rc=VERR_VM_DRIVER_NOT_INSTALLED
00:00:46.429399 nspr-2   WARNING [COM]: aRC=NS_ERROR_FAILURE (0x80004005) aIID={e54f6256-97a7-4947-8a78-10c013ddf4b8} aComponent={HostWrap} aText={VirtualBox is not currently allowed to access USB devices.  You can change this by adding your user to the 'vboxusers' group.  Please see the user manual for a more detailed explanation}, preserve=true aResultDetail=0
00:00:46.430517 nspr-2   WARNING [COM]: aRC=NS_ERROR_FAILURE (0x80004005) aIID={e54f6256-97a7-4947-8a78-10c013ddf4b8} aComponent={HostWrap} aText={VirtualBox is not currently allowed to access USB devices.  You can change this by adding your user to the 'vboxusers' group.  Please see the user manual for a more detailed explanation}, preserve=true aResultDetail=0
00:01:24.822082 nspr-3   Saving settings file "/home/kaya-sem/.config/VirtualBox/VirtualBox.xml" with version "1.12-linux"
00:01:24.832583 nspr-3   Finished saving settings file "/home/kaya-sem/.config/VirtualBox/VirtualBox.xml"
00:01:25.830340 nspr-3   ERROR [COM]: aRC=NS_ERROR_FAILURE (0x80004005) aIID={aac6c7cb-a371-4c58-ab51-0616896b2f2c} aComponent={SystemPropertiesWrap} aText={Cannot determine default Guest Additions ISO location. Most likely they are not available}, preserve=false aResultDetail=0
00:01:35.855489 nspr-4   ERROR [COM]: aRC=NS_ERROR_NOT_IMPLEMENTED (0x80004001) aIID={6f89464f-7773-436a-a4df-592e4e537fa0} aComponent={UnattendedWrap} aText={Failed to open '/home/kaya-sem/Documents/ISOS/TempleOS.ISO' as ISO FS (VERR_VFS_UNSUPPORTED_FORMAT) - Unsupported file structure version: 0x0}, preserve=false aResultDetail=-24803
00:01:35.878822 nspr-5   Saving settings file "/home/kaya-sem/.config/VirtualBox/VirtualBox.xml" with version "1.12-linux"
00:01:35.882225 nspr-5   Finished saving settings file "/home/kaya-sem/.config/VirtualBox/VirtualBox.xml"
00:01:40.189063 createBase Saving settings file "/home/kaya-sem/.config/VirtualBox/VirtualBox.xml" with version "1.12-linux"
00:01:40.197214 createBase Finished saving settings file "/home/kaya-sem/.config/VirtualBox/VirtualBox.xml"
00:01:40.204027 nspr-2   WARNING [COM]: aRC=NS_ERROR_FAILURE (0x80004005) aIID={e54f6256-97a7-4947-8a78-10c013ddf4b8} aComponent={HostWrap} aText={VirtualBox is not currently allowed to access USB devices.  You can change this by adding your user to the 'vboxusers' group.  Please see the user manual for a more detailed explanation}, preserve=true aResultDetail=0
00:01:40.204987 nspr-5   Saving settings file "/home/kaya-sem/VirtualBox VMs/linox/linox.vbox" with version "1.19-linux"
00:01:40.208468 nspr-5   Finished saving settings file "/home/kaya-sem/VirtualBox VMs/linox/linox.vbox"
00:01:40.208596 nspr-5   Saving settings file "/home/kaya-sem/.config/VirtualBox/VirtualBox.xml" with version "1.12-linux"
00:01:40.211680 nspr-5   Finished saving settings file "/home/kaya-sem/.config/VirtualBox/VirtualBox.xml"
00:01:40.214621 nspr-5   Saving settings file "/home/kaya-sem/.config/VirtualBox/VirtualBox.xml" with version "1.12-linux"
00:01:40.217777 nspr-5   Finished saving settings file "/home/kaya-sem/.config/VirtualBox/VirtualBox.xml"
00:01:40.224837 nspr-5   Saving settings file "/home/kaya-sem/.config/VirtualBox/VirtualBox.xml" with version "1.12-linux"
00:01:40.228088 nspr-5   Finished saving settings file "/home/kaya-sem/.config/VirtualBox/VirtualBox.xml"
00:01:40.228726 nspr-4   Saving settings file "/home/kaya-sem/VirtualBox VMs/linox/linox.vbox" with version "1.19-linux"
00:01:40.232259 nspr-4   Finished saving settings file "/home/kaya-sem/VirtualBox VMs/linox/linox.vbox"
00:01:40.288935 nspr-5   Saving settings file "/home/kaya-sem/.config/VirtualBox/VirtualBox.xml" with version "1.12-linux"
00:01:40.294854 nspr-5   Finished saving settings file "/home/kaya-sem/.config/VirtualBox/VirtualBox.xml"
00:01:40.663342 nspr-3   WARNING [COM]: aRC=NS_ERROR_FAILURE (0x80004005) aIID={e54f6256-97a7-4947-8a78-10c013ddf4b8} aComponent={HostWrap} aText={VirtualBox is not currently allowed to access USB devices.  You can change this by adding your user to the 'vboxusers' group.  Please see the user manual for a more detailed explanation}, preserve=true aResultDetail=0
00:01:40.678736 nspr-2   ERROR [COM]: aRC=VBOX_E_INVALID_VM_STATE (0x80bb0002) aIID={300763af-5d6b-46e6-aa96-273eac15538a} aComponent={MachineWrap} aText={The machine is not mutable (state is PoweredOff)}, preserve=false aResultDetail=0
00:01:40.679696 nspr-3   Failed to open "/dev/vboxdrvu", errno=2, rc=VERR_VM_DRIVER_NOT_INSTALLED
00:01:40.693020 nspr-3   WARNING [COM]: aRC=NS_ERROR_FAILURE (0x80004005) aIID={e54f6256-97a7-4947-8a78-10c013ddf4b8} aComponent={HostWrap} aText={VirtualBox is not currently allowed to access USB devices.  You can change this by adding your user to the 'vboxusers' group.  Please see the user manual for a more detailed explanation}, preserve=true aResultDetail=0
00:01:40.694121 nspr-3   WARNING [COM]: aRC=NS_ERROR_FAILURE (0x80004005) aIID={e54f6256-97a7-4947-8a78-10c013ddf4b8} aComponent={HostWrap} aText={VirtualBox is not currently allowed to access USB devices.  You can change this by adding your user to the 'vboxusers' group.  Please see the user manual for a more detailed explanation}, preserve=true aResultDetail=0
00:01:43.506252 nspr-3   Launched VM: 2684364880 pid: 4011 (0xfab) frontend: GUI/Qt name: linox
00:01:43.559491 nspr-2   ERROR [COM]: aRC=VBOX_E_INVALID_VM_STATE (0x80bb0002) aIID={300763af-5d6b-46e6-aa96-273eac15538a} aComponent={MachineWrap} aText={The machine is not mutable (state is PoweredOff)}, preserve=false aResultDetail=0
00:01:43.560683 nspr-2   Failed to open "/dev/vboxdrvu", errno=2, rc=VERR_VM_DRIVER_NOT_INSTALLED
00:01:43.590758 nspr-2   WARNING [COM]: aRC=NS_ERROR_FAILURE (0x80004005) aIID={e54f6256-97a7-4947-8a78-10c013ddf4b8} aComponent={HostWrap} aText={VirtualBox is not currently allowed to access USB devices.  You can change this by adding your user to the 'vboxusers' group.  Please see the user manual for a more detailed explanation}, preserve=true aResultDetail=0
00:01:43.591727 nspr-2   WARNING [COM]: aRC=NS_ERROR_FAILURE (0x80004005) aIID={e54f6256-97a7-4947-8a78-10c013ddf4b8} aComponent={HostWrap} aText={VirtualBox is not currently allowed to access USB devices.  You can change this by adding your user to the 'vboxusers' group.  Please see the user manual for a more detailed explanation}, preserve=true aResultDetail=0
00:01:44.007452 Watcher  ERROR [COM]: aRC=NS_ERROR_FAILURE (0x80004005) aIID={300763af-5d6b-46e6-aa96-273eac15538a} aComponent={MachineWrap} aText={The virtual machine 'linox' has terminated unexpectedly during startup with exit code 1 (0x1)}, preserve=false aResultDetail=0
00:01:44.095467 nspr-5   ERROR [COM]: aRC=VBOX_E_INVALID_VM_STATE (0x80bb0002) aIID={300763af-5d6b-46e6-aa96-273eac15538a} aComponent={MachineWrap} aText={The machine is not mutable (state is PoweredOff)}, preserve=false aResultDetail=0
00:01:44.096506 nspr-3   Failed to open "/dev/vboxdrvu", errno=2, rc=VERR_VM_DRIVER_NOT_INSTALLED
00:01:44.121331 nspr-3   WARNING [COM]: aRC=NS_ERROR_FAILURE (0x80004005) aIID={e54f6256-97a7-4947-8a78-10c013ddf4b8} aComponent={HostWrap} aText={VirtualBox is not currently allowed to access USB devices.  You can change this by adding your user to the 'vboxusers' group.  Please see the user manual for a more detailed explanation}, preserve=true aResultDetail=0
00:01:44.122285 nspr-3   WARNING [COM]: aRC=NS_ERROR_FAILURE (0x80004005) aIID={e54f6256-97a7-4947-8a78-10c013ddf4b8} aComponent={HostWrap} aText={VirtualBox is not currently allowed to access USB devices.  You can change this by adding your user to the 'vboxusers' group.  Please see the user manual for a more detailed explanation}, preserve=true aResultDetail=0
00:02:14.937483 main     VirtualBox: object deletion starts
00:02:14.937522 main     ERROR [COM]: aRC=VBOX_E_OBJECT_IN_USE (0x80bb000c) aIID={ad47ad09-787b-44ab-b343-a082a3f2dfb1} aComponent={MediumWrap} aText={Medium '/home/kaya-sem/VirtualBox VMs/Linux/Linux.vdi' cannot be closed because it is still attached to 1 virtual machines}, preserve=false aResultDetail=0
00:02:14.937648 main     ERROR [COM]: aRC=VBOX_E_OBJECT_IN_USE (0x80bb000c) aIID={ad47ad09-787b-44ab-b343-a082a3f2dfb1} aComponent={MediumWrap} aText={Medium '/home/kaya-sem/VirtualBox VMs/linox/linox.vdi' cannot be closed because it is still attached to 1 virtual machines}, preserve=false aResultDetail=0
00:02:14.938079 main     HostDnsMonitor: shutting down ...
00:02:14.938199 main     HostDnsMonitor: shut down
00:02:14.948975 Watcher  ERROR [COM]: aRC=E_ACCESSDENIED (0x80070005) aIID={7682d5eb-f00e-44f1-8ca2-99d08b1cd607} aComponent={VirtualBoxWrap} aText={The object is not ready}, preserve=false aResultDetail=0
00:02:14.949063 main     VirtualBox: object deleted
