2024-01-29T21:03:42.396Z 0: 

----------------------------------------------
2024-01-29T21:03:42.424Z 1: Discord starting: {"releaseChannel":"stable","version":"0.0.42"}, modulepath: /home/kaya-sem/.config/discord/0.0.42/modules
2024-01-29T21:03:42.440Z 2: ✅ webContents.created web1 ""
2024-01-29T21:03:42.448Z 3: ✅ window.created win1 "discord"
2024-01-29T21:03:42.968Z 4: ✅ webContents.did-finish-load web1
2024-01-29T21:03:50.840Z 5: ✅ webContents.created web2 ""
2024-01-29T21:03:50.845Z 6: ✅ window.created win2 "Discord"
2024-01-29T21:03:53.436Z 7: ✅ webContents.did-finish-load web2
2024-01-29T21:03:53.535Z 8: window.close win1
2024-01-29T21:03:53.541Z 9: webContents.destroyed web1
2024-01-29T21:03:53.544Z 10: window.closed win1
2024-01-30T12:42:20.825Z 0: 

----------------------------------------------
2024-01-30T12:42:20.852Z 1: Discord starting: {"releaseChannel":"stable","version":"0.0.42"}, modulepath: /home/kaya-sem/.config/discord/0.0.42/modules
2024-01-30T12:42:20.860Z 2: ✅ webContents.created web1 ""
2024-01-30T12:42:20.862Z 3: ✅ window.created win1 "discord"
2024-01-30T12:42:21.649Z 4: ✅ webContents.did-finish-load web1
2024-01-30T12:42:22.008Z 5: ✅ webContents.created web2 ""
2024-01-30T12:42:22.015Z 6: ✅ window.created win2 "Discord"
2024-01-30T12:42:30.261Z 7: ✅ webContents.did-finish-load web2
2024-01-30T12:42:30.362Z 8: window.close win1
2024-01-30T12:42:30.412Z 9: webContents.destroyed web1
2024-01-30T12:42:30.416Z 10: window.closed win1
2024-01-30T14:42:42.481Z 11: window.close win2
2024-01-30T14:42:42.488Z 12: before-quit
2024-01-30T14:42:42.490Z 13: window.close win2
2024-01-30T14:42:42.601Z 14: webContents.destroyed web2
2024-01-30T15:27:21.448Z 0: 

----------------------------------------------
2024-01-30T15:27:21.473Z 1: Discord starting: {"releaseChannel":"stable","version":"0.0.42"}, modulepath: /home/kaya-sem/.config/discord/0.0.42/modules
2024-01-30T15:27:21.482Z 2: ✅ webContents.created web1 ""
2024-01-30T15:27:21.485Z 3: ✅ window.created win1 "discord"
2024-01-30T15:27:22.268Z 4: ✅ webContents.did-finish-load web1
2024-01-30T15:27:22.459Z 5: ✅ webContents.created web2 ""
2024-01-30T15:27:22.462Z 6: ✅ window.created win2 "Discord"
2024-01-30T15:27:25.669Z 7: ✅ webContents.did-finish-load web2
2024-01-30T15:27:25.772Z 8: window.close win1
2024-01-30T15:27:25.790Z 9: webContents.destroyed web1
2024-01-30T15:27:25.794Z 10: window.closed win1
2024-01-30T15:29:40.770Z 11: window.close win2
2024-01-30T15:29:40.780Z 12: before-quit
2024-01-30T15:29:40.784Z 13: window.close win2
2024-01-30T15:29:40.816Z 14: webContents.destroyed web2
2024-01-30T15:52:48.555Z 0: 

----------------------------------------------
2024-01-30T15:52:48.587Z 1: Discord starting: {"releaseChannel":"stable","version":"0.0.42"}, modulepath: /home/kaya-sem/.config/discord/0.0.42/modules
2024-01-30T15:52:48.592Z 2: ✅ webContents.created web1 ""
2024-01-30T15:52:48.595Z 3: ✅ window.created win1 "discord"
2024-01-30T15:52:49.158Z 4: ✅ webContents.did-finish-load web1
2024-01-30T15:52:49.349Z 5: ✅ webContents.created web2 ""
2024-01-30T15:52:49.358Z 6: ✅ window.created win2 "Discord"
2024-01-30T15:52:52.212Z 7: ✅ webContents.did-finish-load web2
2024-01-30T15:52:52.313Z 8: window.close win1
2024-01-30T15:52:52.332Z 9: webContents.destroyed web1
2024-01-30T15:52:52.335Z 10: window.closed win1
2024-01-30T16:03:13.046Z 11: window.close win2
2024-01-30T16:03:13.055Z 12: before-quit
2024-01-30T16:03:13.059Z 13: window.close win2
2024-01-30T16:03:13.185Z 14: webContents.destroyed web2
2024-01-30T16:04:11.857Z 0: 

----------------------------------------------
2024-01-30T16:04:11.873Z 1: Discord starting: {"releaseChannel":"stable","version":"0.0.42"}, modulepath: /home/kaya-sem/.config/discord/0.0.42/modules
2024-01-30T16:04:11.895Z 2: ✅ webContents.created web1 ""
2024-01-30T16:04:11.898Z 3: ✅ window.created win1 "discord"
2024-01-30T16:04:12.763Z 4: ✅ webContents.did-finish-load web1
2024-01-30T16:04:12.968Z 5: ✅ webContents.created web2 ""
2024-01-30T16:04:12.979Z 6: ✅ window.created win2 "Discord"
2024-01-30T16:04:16.330Z 7: ✅ webContents.did-finish-load web2
2024-01-30T16:04:16.431Z 8: window.close win1
2024-01-30T16:04:16.454Z 9: webContents.destroyed web1
2024-01-30T16:04:16.462Z 10: window.closed win1
2024-01-30T16:06:44.770Z 11: window.close win2
2024-01-30T16:06:44.779Z 12: before-quit
2024-01-30T16:06:44.783Z 13: window.close win2
2024-01-30T16:06:44.897Z 14: webContents.destroyed web2
2024-01-30T19:22:56.880Z 0: 

----------------------------------------------
2024-01-30T19:22:56.902Z 1: Discord starting: {"releaseChannel":"stable","version":"0.0.42"}, modulepath: /home/kaya-sem/.config/discord/0.0.42/modules
2024-01-30T19:22:56.909Z 2: ✅ webContents.created web1 ""
2024-01-30T19:22:56.913Z 3: ✅ window.created win1 "discord"
2024-01-30T19:22:57.488Z 4: ✅ webContents.did-finish-load web1
2024-01-30T19:22:57.730Z 5: ✅ webContents.created web2 ""
2024-01-30T19:22:57.737Z 6: ✅ window.created win2 "Discord"
2024-01-30T19:23:00.926Z 7: ✅ webContents.did-finish-load web2
2024-01-30T19:23:01.029Z 8: window.close win1
2024-01-30T19:23:01.046Z 9: webContents.destroyed web1
2024-01-30T19:23:01.050Z 10: window.closed win1
2024-01-30T19:23:30.670Z 11: window.close win2
2024-01-30T19:23:30.673Z 12: before-quit
2024-01-30T19:23:30.682Z 13: window.close win2
2024-01-30T19:23:30.779Z 14: webContents.destroyed web2
2024-01-30T20:36:10.686Z 0: 

----------------------------------------------
2024-01-30T20:36:10.702Z 1: Discord starting: {"releaseChannel":"stable","version":"0.0.42"}, modulepath: /home/kaya-sem/.config/discord/0.0.42/modules
2024-01-30T20:36:10.722Z 2: ✅ webContents.created web1 ""
2024-01-30T20:36:10.726Z 3: ✅ window.created win1 "discord"
2024-01-30T20:36:11.221Z 4: ✅ webContents.did-finish-load web1
2024-01-30T20:36:11.669Z 5: ✅ webContents.created web2 ""
2024-01-30T20:36:11.685Z 6: ✅ window.created win2 "Discord"
2024-01-30T20:36:14.776Z 7: ✅ webContents.did-finish-load web2
2024-01-30T20:36:14.877Z 8: window.close win1
2024-01-30T20:36:14.903Z 9: webContents.destroyed web1
2024-01-30T20:36:14.906Z 10: window.closed win1
2024-01-31T11:27:07.462Z 11: window.close win2
2024-01-31T11:27:07.471Z 12: before-quit
2024-01-31T11:27:07.474Z 13: window.close win2
2024-01-31T11:27:07.578Z 14: webContents.destroyed web2
2024-01-31T12:01:22.230Z 0: 

----------------------------------------------
2024-01-31T12:01:22.248Z 1: Discord starting: {"releaseChannel":"stable","version":"0.0.42"}, modulepath: /home/kaya-sem/.config/discord/0.0.42/modules
2024-01-31T12:01:22.278Z 2: ✅ webContents.created web1 ""
2024-01-31T12:01:22.286Z 3: ✅ window.created win1 "discord"
2024-01-31T12:01:23.135Z 4: ✅ webContents.did-finish-load web1
2024-01-31T12:01:23.402Z 5: ✅ webContents.created web2 ""
2024-01-31T12:01:23.416Z 6: ✅ window.created win2 "Discord"
2024-01-31T12:01:28.499Z 7: ✅ webContents.did-finish-load web2
2024-01-31T12:01:28.601Z 8: window.close win1
2024-01-31T12:01:28.643Z 9: webContents.destroyed web1
2024-01-31T12:01:28.647Z 10: window.closed win1
2024-01-31T12:05:23.160Z 11: window.close win2
2024-01-31T12:05:23.168Z 12: before-quit
2024-01-31T12:05:23.174Z 13: window.close win2
2024-01-31T12:05:23.222Z 14: webContents.destroyed web2
2024-01-31T12:17:00.022Z 0: 

----------------------------------------------
2024-01-31T12:17:00.090Z 1: Discord starting: {"releaseChannel":"stable","version":"0.0.42"}, modulepath: /home/kaya-sem/.config/discord/0.0.42/modules
2024-01-31T12:17:00.101Z 2: ✅ webContents.created web1 ""
2024-01-31T12:17:00.105Z 3: ✅ window.created win1 "discord"
2024-01-31T12:17:01.037Z 4: ✅ webContents.created web2 ""
2024-01-31T12:17:01.062Z 5: ✅ window.created win2 "Discord"
2024-01-31T12:17:01.082Z 6: ✅ webContents.did-finish-load web1
2024-01-31T12:17:05.723Z 7: ✅ webContents.did-finish-load web2
2024-01-31T12:17:05.825Z 8: window.close win1
2024-01-31T12:17:05.843Z 9: webContents.destroyed web1
2024-01-31T12:17:05.847Z 10: window.closed win1
2024-01-31T12:21:29.331Z 11: window.close win2
2024-01-31T12:21:29.339Z 12: before-quit
2024-01-31T12:21:29.343Z 13: window.close win2
2024-01-31T12:21:29.423Z 14: webContents.destroyed web2
2024-01-31T12:22:09.145Z 0: 

----------------------------------------------
2024-01-31T12:22:09.192Z 1: Discord starting: {"releaseChannel":"stable","version":"0.0.42"}, modulepath: /home/kaya-sem/.config/discord/0.0.42/modules
2024-01-31T12:22:09.198Z 2: ✅ webContents.created web1 ""
2024-01-31T12:22:09.201Z 3: ✅ window.created win1 "discord"
2024-01-31T12:22:10.056Z 4: ✅ webContents.did-finish-load web1
2024-01-31T12:22:11.355Z 5: ✅ webContents.created web2 ""
2024-01-31T12:22:11.371Z 6: ✅ window.created win2 "Discord"
2024-01-31T12:22:15.768Z 7: ✅ webContents.did-finish-load web2
2024-01-31T12:22:15.869Z 8: window.close win1
2024-01-31T12:22:15.878Z 9: webContents.destroyed web1
2024-01-31T12:22:15.881Z 10: window.closed win1
2024-01-31T12:31:57.602Z 11: window.close win2
2024-01-31T12:31:57.611Z 12: before-quit
2024-01-31T12:31:57.614Z 13: window.close win2
2024-01-31T12:31:57.717Z 14: webContents.destroyed web2
2024-01-31T12:32:22.602Z 0: 

----------------------------------------------
2024-01-31T12:32:22.619Z 1: Discord starting: {"releaseChannel":"stable","version":"0.0.42"}, modulepath: /home/kaya-sem/.config/discord/0.0.42/modules
2024-01-31T12:32:22.650Z 2: ✅ webContents.created web1 ""
2024-01-31T12:32:22.656Z 3: ✅ window.created win1 "discord"
2024-01-31T12:32:23.529Z 4: ✅ webContents.did-finish-load web1
2024-01-31T12:32:23.718Z 5: ✅ webContents.created web2 ""
2024-01-31T12:32:23.733Z 6: ✅ window.created win2 "Discord"
2024-01-31T12:32:28.484Z 7: ✅ webContents.did-finish-load web2
2024-01-31T12:32:28.585Z 8: window.close win1
2024-01-31T12:32:28.605Z 9: webContents.destroyed web1
2024-01-31T12:32:28.609Z 10: window.closed win1
2024-01-31T12:35:52.174Z 11: window.close win2
2024-01-31T12:35:52.181Z 12: before-quit
2024-01-31T12:35:52.183Z 13: window.close win2
2024-01-31T12:35:52.200Z 14: webContents.destroyed web2
2024-01-31T14:31:35.598Z 0: 

----------------------------------------------
2024-01-31T14:31:35.620Z 1: Discord starting: {"releaseChannel":"stable","version":"0.0.42"}, modulepath: /home/kaya-sem/.config/discord/0.0.42/modules
2024-01-31T14:31:35.628Z 2: ✅ webContents.created web1 ""
2024-01-31T14:31:35.631Z 3: ✅ window.created win1 "discord"
2024-01-31T14:31:36.199Z 4: ✅ webContents.did-finish-load web1
2024-01-31T14:31:36.357Z 5: ✅ webContents.created web2 ""
2024-01-31T14:31:36.364Z 6: ✅ window.created win2 "Discord"
2024-01-31T14:31:39.563Z 7: ✅ webContents.did-finish-load web2
2024-01-31T14:31:39.665Z 8: window.close win1
2024-01-31T14:31:39.685Z 9: webContents.destroyed web1
2024-01-31T14:31:39.689Z 10: window.closed win1
2024-01-31T14:32:41.107Z 11: window.close win2
2024-01-31T14:32:41.110Z 12: before-quit
2024-01-31T14:32:41.114Z 13: window.close win2
2024-01-31T14:32:41.251Z 14: webContents.destroyed web2
2024-01-31T15:01:40.777Z 0: 

----------------------------------------------
2024-01-31T15:01:40.790Z 1: Discord starting: {"releaseChannel":"stable","version":"0.0.42"}, modulepath: /home/kaya-sem/.config/discord/0.0.42/modules
2024-01-31T15:01:40.813Z 2: ✅ webContents.created web1 ""
2024-01-31T15:01:40.816Z 3: ✅ window.created win1 "discord"
2024-01-31T15:01:41.635Z 4: ✅ webContents.did-finish-load web1
2024-01-31T15:01:41.832Z 5: ✅ webContents.created web2 ""
2024-01-31T15:01:41.845Z 6: ✅ window.created win2 "Discord"
2024-01-31T15:01:44.815Z 7: ✅ webContents.did-finish-load web2
2024-01-31T15:01:44.917Z 8: window.close win1
2024-01-31T15:01:44.937Z 9: webContents.destroyed web1
2024-01-31T15:01:44.941Z 10: window.closed win1
2024-01-31T15:04:27.460Z 11: window.close win2
2024-01-31T15:04:27.467Z 12: before-quit
2024-01-31T15:04:27.472Z 13: window.close win2
2024-01-31T15:04:27.500Z 14: webContents.destroyed web2
2024-01-31T15:13:54.712Z 0: 

----------------------------------------------
2024-01-31T15:13:54.727Z 1: Discord starting: {"releaseChannel":"stable","version":"0.0.42"}, modulepath: /home/kaya-sem/.config/discord/0.0.42/modules
2024-01-31T15:13:54.749Z 2: ✅ webContents.created web1 ""
2024-01-31T15:13:54.753Z 3: ✅ window.created win1 "discord"
2024-01-31T15:13:55.298Z 4: ✅ webContents.did-finish-load web1
2024-01-31T15:13:55.534Z 5: ✅ webContents.created web2 ""
2024-01-31T15:13:55.563Z 6: ✅ window.created win2 "Discord"
2024-01-31T15:13:58.592Z 7: ✅ webContents.did-finish-load web2
2024-01-31T15:13:58.692Z 8: window.close win1
2024-01-31T15:13:58.710Z 9: webContents.destroyed web1
2024-01-31T15:13:58.713Z 10: window.closed win1
2024-01-31T15:16:02.824Z 11: window.close win2
2024-01-31T15:16:02.833Z 12: before-quit
2024-01-31T15:16:02.836Z 13: window.close win2
2024-01-31T15:16:02.912Z 14: webContents.destroyed web2
2024-01-31T15:22:52.807Z 0: 

----------------------------------------------
2024-01-31T15:22:52.835Z 1: Discord starting: {"releaseChannel":"stable","version":"0.0.42"}, modulepath: /home/kaya-sem/.config/discord/0.0.42/modules
2024-01-31T15:22:52.839Z 2: ✅ webContents.created web1 ""
2024-01-31T15:22:52.842Z 3: ✅ window.created win1 "discord"
2024-01-31T15:22:53.678Z 4: ✅ webContents.did-finish-load web1
2024-01-31T15:22:53.982Z 5: ✅ webContents.created web2 ""
2024-01-31T15:22:53.998Z 6: ✅ window.created win2 "Discord"
2024-01-31T15:22:56.991Z 7: ✅ webContents.did-finish-load web2
2024-01-31T15:22:57.093Z 8: window.close win1
2024-01-31T15:22:57.117Z 9: webContents.destroyed web1
2024-01-31T15:22:57.119Z 10: window.closed win1
2024-01-31T15:23:49.631Z 11: window.close win2
2024-01-31T15:23:49.643Z 12: before-quit
2024-01-31T15:23:49.646Z 13: window.close win2
2024-01-31T15:23:49.754Z 14: webContents.destroyed web2
2024-01-31T15:25:53.031Z 0: 

----------------------------------------------
2024-01-31T15:25:53.056Z 1: Discord starting: {"releaseChannel":"stable","version":"0.0.42"}, modulepath: /home/kaya-sem/.config/discord/0.0.42/modules
2024-01-31T15:25:53.060Z 2: ✅ webContents.created web1 ""
2024-01-31T15:25:53.062Z 3: ✅ window.created win1 "discord"
2024-01-31T15:25:53.905Z 4: ✅ webContents.did-finish-load web1
2024-01-31T15:25:54.087Z 5: ✅ webContents.created web2 ""
2024-01-31T15:25:54.092Z 6: ✅ window.created win2 "Discord"
2024-01-31T15:25:57.061Z 7: ✅ webContents.did-finish-load web2
2024-01-31T15:25:57.162Z 8: window.close win1
2024-01-31T15:25:57.178Z 9: webContents.destroyed web1
2024-01-31T15:25:57.183Z 10: window.closed win1
2024-01-31T16:02:22.337Z 11: window.close win2
2024-01-31T16:02:22.345Z 12: before-quit
2024-01-31T16:02:22.350Z 13: window.close win2
2024-01-31T16:02:22.421Z 14: webContents.destroyed web2
2024-01-31T17:13:37.667Z 0: 

----------------------------------------------
2024-01-31T17:13:37.680Z 1: Discord starting: {"releaseChannel":"stable","version":"0.0.42"}, modulepath: /home/kaya-sem/.config/discord/0.0.42/modules
2024-01-31T17:13:37.696Z 2: ✅ webContents.created web1 ""
2024-01-31T17:13:37.699Z 3: ✅ window.created win1 "discord"
2024-01-31T17:13:38.314Z 4: ✅ webContents.did-finish-load web1
2024-01-31T17:13:38.563Z 5: ✅ webContents.created web2 ""
2024-01-31T17:13:38.570Z 6: ✅ window.created win2 "Discord"
2024-01-31T17:13:42.044Z 7: ✅ webContents.did-finish-load web2
2024-01-31T17:13:42.145Z 8: window.close win1
2024-01-31T17:13:42.169Z 9: webContents.destroyed web1
2024-01-31T17:13:42.173Z 10: window.closed win1
2024-01-31T17:15:30.226Z 11: window.close win2
2024-01-31T17:15:30.235Z 12: before-quit
2024-01-31T17:15:30.239Z 13: window.close win2
2024-01-31T17:15:30.302Z 14: webContents.destroyed web2
2024-01-31T17:22:52.582Z 0: 

----------------------------------------------
2024-01-31T17:22:52.593Z 1: Discord starting: {"releaseChannel":"stable","version":"0.0.42"}, modulepath: /home/kaya-sem/.config/discord/0.0.42/modules
2024-01-31T17:22:52.609Z 2: ✅ webContents.created web1 ""
2024-01-31T17:22:52.611Z 3: ✅ window.created win1 "discord"
2024-01-31T17:22:53.202Z 4: ✅ webContents.did-finish-load web1
2024-01-31T17:22:53.492Z 5: ✅ webContents.created web2 ""
2024-01-31T17:22:53.502Z 6: ✅ window.created win2 "Discord"
2024-01-31T17:22:56.905Z 7: ✅ webContents.did-finish-load web2
2024-01-31T17:22:57.005Z 8: window.close win1
2024-01-31T17:22:57.012Z 9: webContents.destroyed web1
2024-01-31T17:22:57.014Z 10: window.closed win1
2024-01-31T17:31:01.769Z 11: window.close win2
2024-01-31T17:31:01.778Z 12: before-quit
2024-01-31T17:31:01.782Z 13: window.close win2
2024-01-31T17:31:01.828Z 14: webContents.destroyed web2
2024-01-31T17:36:16.156Z 0: 

----------------------------------------------
2024-01-31T17:36:16.181Z 1: Discord starting: {"releaseChannel":"stable","version":"0.0.42"}, modulepath: /home/kaya-sem/.config/discord/0.0.42/modules
2024-01-31T17:36:16.185Z 2: ✅ webContents.created web1 ""
2024-01-31T17:36:16.187Z 3: ✅ window.created win1 "discord"
2024-01-31T17:36:16.970Z 4: ✅ webContents.did-finish-load web1
2024-01-31T17:36:17.202Z 5: ✅ webContents.created web2 ""
2024-01-31T17:36:17.233Z 6: ✅ window.created win2 "Discord"
2024-01-31T17:36:20.266Z 7: ✅ webContents.did-finish-load web2
2024-01-31T17:36:20.367Z 8: window.close win1
2024-01-31T17:36:20.387Z 9: webContents.destroyed web1
2024-01-31T17:36:20.390Z 10: window.closed win1
2024-01-31T17:46:55.702Z 11: window.close win2
2024-01-31T17:46:55.710Z 12: before-quit
2024-01-31T17:46:55.712Z 13: window.close win2
2024-01-31T17:46:55.803Z 14: webContents.destroyed web2
2024-01-31T17:48:08.375Z 0: 

----------------------------------------------
2024-01-31T17:48:08.386Z 1: Discord starting: {"releaseChannel":"stable","version":"0.0.42"}, modulepath: /home/kaya-sem/.config/discord/0.0.42/modules
2024-01-31T17:48:08.405Z 2: ✅ webContents.created web1 ""
2024-01-31T17:48:08.407Z 3: ✅ window.created win1 "discord"
2024-01-31T17:48:09.221Z 4: ✅ webContents.did-finish-load web1
2024-01-31T17:48:09.496Z 5: ✅ webContents.created web2 ""
2024-01-31T17:48:09.518Z 6: ✅ window.created win2 "Discord"
2024-01-31T17:48:12.525Z 7: ✅ webContents.did-finish-load web2
2024-01-31T17:48:12.626Z 8: window.close win1
2024-01-31T17:48:12.647Z 9: webContents.destroyed web1
2024-01-31T17:48:12.651Z 10: window.closed win1
2024-01-31T17:59:35.692Z 11: window.close win2
2024-01-31T17:59:35.702Z 12: before-quit
2024-01-31T17:59:35.706Z 13: window.close win2
2024-01-31T17:59:35.810Z 14: webContents.destroyed web2
2024-01-31T18:08:35.035Z 0: 

----------------------------------------------
2024-01-31T18:08:35.063Z 1: Discord starting: {"releaseChannel":"stable","version":"0.0.42"}, modulepath: /home/kaya-sem/.config/discord/0.0.42/modules
2024-01-31T18:08:35.066Z 2: ✅ webContents.created web1 ""
2024-01-31T18:08:35.069Z 3: ✅ window.created win1 "discord"
2024-01-31T18:08:35.677Z 4: ✅ webContents.did-finish-load web1
2024-01-31T18:08:35.938Z 5: ✅ webContents.created web2 ""
2024-01-31T18:08:35.952Z 6: ✅ window.created win2 "Discord"
2024-01-31T18:08:38.948Z 7: ✅ webContents.did-finish-load web2
2024-01-31T18:08:39.047Z 8: window.close win1
2024-01-31T18:08:39.053Z 9: webContents.destroyed web1
2024-01-31T18:08:39.055Z 10: window.closed win1
2024-01-31T18:09:42.224Z 11: window.close win2
2024-01-31T18:09:42.277Z 12: before-quit
2024-01-31T18:09:42.280Z 13: window.close win2
2024-01-31T18:09:42.341Z 14: webContents.destroyed web2
2024-01-31T18:20:46.556Z 0: 

----------------------------------------------
2024-01-31T18:20:46.567Z 1: Discord starting: {"releaseChannel":"stable","version":"0.0.42"}, modulepath: /home/kaya-sem/.config/discord/0.0.42/modules
2024-01-31T18:20:46.583Z 2: ✅ webContents.created web1 ""
2024-01-31T18:20:46.586Z 3: ✅ window.created win1 "discord"
2024-01-31T18:20:47.263Z 4: ✅ webContents.did-finish-load web1
2024-01-31T18:20:47.465Z 5: ✅ webContents.created web2 ""
2024-01-31T18:20:47.476Z 6: ✅ window.created win2 "Discord"
2024-01-31T18:20:50.596Z 7: ✅ webContents.did-finish-load web2
2024-01-31T18:20:50.697Z 8: window.close win1
2024-01-31T18:20:50.716Z 9: webContents.destroyed web1
2024-01-31T18:20:50.728Z 10: window.closed win1
2024-01-31T18:21:21.586Z 11: window.close win2
2024-01-31T18:21:21.593Z 12: before-quit
2024-01-31T18:21:21.596Z 13: window.close win2
2024-01-31T18:21:21.653Z 14: webContents.destroyed web2
2024-01-31T19:46:21.244Z 0: 

----------------------------------------------
2024-01-31T19:46:21.256Z 1: Discord starting: {"releaseChannel":"stable","version":"0.0.42"}, modulepath: /home/kaya-sem/.config/discord/0.0.42/modules
2024-01-31T19:46:21.270Z 2: ✅ webContents.created web1 ""
2024-01-31T19:46:21.273Z 3: ✅ window.created win1 "discord"
2024-01-31T19:46:21.814Z 4: ✅ webContents.did-finish-load web1
2024-01-31T19:46:22.083Z 5: ✅ webContents.created web2 ""
2024-01-31T19:46:22.090Z 6: ✅ window.created win2 "Discord"
2024-01-31T19:46:25.568Z 7: ✅ webContents.did-finish-load web2
2024-01-31T19:46:25.669Z 8: window.close win1
2024-01-31T19:46:25.691Z 9: webContents.destroyed web1
2024-01-31T19:46:25.696Z 10: window.closed win1
2024-01-31T19:49:31.250Z 11: window.close win2
2024-01-31T19:49:31.259Z 12: before-quit
2024-01-31T19:49:31.262Z 13: window.close win2
2024-01-31T19:49:31.403Z 14: webContents.destroyed web2
2024-02-01T17:27:48.910Z 0: 

----------------------------------------------
2024-02-01T17:27:48.951Z 1: Discord starting: {"releaseChannel":"stable","version":"0.0.42"}, modulepath: /home/kaya-sem/.config/discord/0.0.42/modules
2024-02-01T17:27:48.957Z 2: ✅ webContents.created web1 ""
2024-02-01T17:27:48.960Z 3: ✅ window.created win1 "discord"
2024-02-01T17:27:49.623Z 4: ✅ webContents.did-finish-load web1
2024-02-01T17:28:20.438Z 5: ✅ webContents.created web2 ""
2024-02-01T17:28:20.447Z 6: ✅ window.created win2 "Discord"
2024-02-01T17:28:25.340Z 7: ✅ webContents.did-finish-load web2
2024-02-01T17:28:25.440Z 8: window.close win1
2024-02-01T17:28:25.482Z 9: webContents.destroyed web1
2024-02-01T17:28:25.486Z 10: window.closed win1
2024-02-01T18:16:57.820Z 11: window.close win2
2024-02-01T18:16:57.830Z 12: before-quit
2024-02-01T18:16:57.834Z 13: window.close win2
2024-02-01T18:16:57.936Z 14: webContents.destroyed web2
2024-02-02T22:20:54.693Z 0: 

----------------------------------------------
2024-02-02T22:20:54.713Z 1: Discord starting: {"releaseChannel":"stable","version":"0.0.42"}, modulepath: /home/kaya-sem/.config/discord/0.0.42/modules
2024-02-02T22:20:54.740Z 2: ✅ webContents.created web1 ""
2024-02-02T22:20:54.746Z 3: ✅ window.created win1 "discord"
2024-02-02T22:20:55.553Z 4: ✅ webContents.did-finish-load web1
2024-02-02T22:20:56.131Z 5: ✅ webContents.created web2 ""
2024-02-02T22:20:56.150Z 6: ✅ window.created win2 "Discord"
2024-02-02T22:21:02.414Z 7: ✅ webContents.did-finish-load web2
2024-02-02T22:21:02.514Z 8: window.close win1
2024-02-02T22:21:02.567Z 9: webContents.destroyed web1
2024-02-02T22:21:02.571Z 10: window.closed win1
2024-02-02T22:26:54.792Z 11: window.close win2
2024-02-02T22:26:54.800Z 12: before-quit
2024-02-02T22:26:54.804Z 13: window.close win2
2024-02-02T22:26:54.886Z 14: webContents.destroyed web2
2024-02-02T22:38:00.454Z 0: 

----------------------------------------------
2024-02-02T22:38:00.502Z 1: Discord starting: {"releaseChannel":"stable","version":"0.0.42"}, modulepath: /home/kaya-sem/.config/discord/0.0.42/modules
2024-02-02T22:38:00.509Z 2: ✅ webContents.created web1 ""
2024-02-02T22:38:00.513Z 3: ✅ window.created win1 "discord"
2024-02-02T22:38:01.166Z 4: ✅ webContents.did-finish-load web1
2024-02-02T22:38:01.749Z 5: ✅ webContents.created web2 ""
2024-02-02T22:38:01.767Z 6: ✅ window.created win2 "Discord"
2024-02-02T22:38:07.147Z 7: ✅ webContents.did-finish-load web2
2024-02-02T22:38:07.248Z 8: window.close win1
2024-02-02T22:38:07.312Z 9: webContents.destroyed web1
2024-02-02T22:38:07.341Z 10: window.closed win1
2024-02-02T22:39:14.670Z 11: window.close win2
2024-02-02T22:39:14.679Z 12: before-quit
2024-02-02T22:39:14.683Z 13: window.close win2
2024-02-02T22:39:14.820Z 14: webContents.destroyed web2
2024-02-03T16:40:59.165Z 0: 

----------------------------------------------
2024-02-03T16:40:59.177Z 1: Discord starting: {"releaseChannel":"stable","version":"0.0.42"}, modulepath: /home/kaya-sem/.config/discord/0.0.42/modules
2024-02-03T16:40:59.193Z 2: ✅ webContents.created web1 ""
2024-02-03T16:40:59.197Z 3: ✅ window.created win1 "discord"
2024-02-03T16:40:59.830Z 4: ✅ webContents.did-finish-load web1
2024-02-03T16:41:00.187Z 5: ✅ webContents.created web2 ""
2024-02-03T16:41:00.194Z 6: ✅ window.created win2 "Discord"
2024-02-03T16:41:03.682Z 7: ✅ webContents.did-finish-load web2
2024-02-03T16:41:03.782Z 8: window.close win1
2024-02-03T16:41:03.787Z 9: webContents.destroyed web1
2024-02-03T16:41:03.789Z 10: window.closed win1
2024-02-03T16:42:46.799Z 11: window.close win2
2024-02-03T16:42:46.804Z 12: before-quit
2024-02-03T16:42:46.805Z 13: window.close win2
2024-02-03T16:42:46.810Z 14: webContents.destroyed web2
2024-02-04T18:47:52.065Z 0: 

----------------------------------------------
2024-02-04T18:47:52.076Z 1: Discord starting: {"releaseChannel":"stable","version":"0.0.42"}, modulepath: /home/kaya-sem/.config/discord/0.0.42/modules
2024-02-04T18:47:52.092Z 2: ✅ webContents.created web1 ""
2024-02-04T18:47:52.094Z 3: ✅ window.created win1 "discord"
2024-02-04T18:47:52.692Z 4: ✅ webContents.did-finish-load web1
2024-02-04T18:47:53.066Z 5: ✅ webContents.created web2 ""
2024-02-04T18:47:53.086Z 6: ✅ window.created win2 "Discord"
2024-02-04T18:47:56.215Z 7: ✅ webContents.did-finish-load web2
2024-02-04T18:47:56.314Z 8: window.close win1
2024-02-04T18:47:56.320Z 9: webContents.destroyed web1
2024-02-04T18:47:56.322Z 10: window.closed win1
2024-02-04T18:48:06.711Z 11: window.close win2
2024-02-04T18:48:06.722Z 12: before-quit
2024-02-04T18:48:06.726Z 13: window.close win2
2024-02-04T18:48:06.754Z 14: webContents.destroyed web2
2024-02-05T13:49:13.404Z 0: 

----------------------------------------------
2024-02-05T13:49:13.421Z 1: Discord starting: {"releaseChannel":"stable","version":"0.0.42"}, modulepath: /home/kaya-sem/.config/discord/0.0.42/modules
2024-02-05T13:49:13.442Z 2: ✅ webContents.created web1 ""
2024-02-05T13:49:13.447Z 3: ✅ window.created win1 "discord"
2024-02-05T13:49:14.338Z 4: ✅ webContents.did-finish-load web1
2024-02-05T13:49:14.569Z 5: ✅ webContents.created web2 ""
2024-02-05T13:49:14.586Z 6: ✅ window.created win2 "Discord"
2024-02-05T13:49:19.304Z 7: ✅ webContents.did-finish-load web2
2024-02-05T13:49:19.582Z 8: window.close win1
2024-02-05T13:49:19.696Z 9: webContents.destroyed web1
2024-02-05T13:49:19.869Z 10: window.closed win1
2024-02-05T13:51:24.653Z 0: 

----------------------------------------------
2024-02-05T13:51:24.670Z 1: Discord starting: {"releaseChannel":"stable","version":"0.0.42"}, modulepath: /home/kaya-sem/.config/discord/0.0.42/modules
2024-02-05T13:51:24.696Z 2: ✅ webContents.created web1 ""
2024-02-05T13:51:24.724Z 3: ✅ window.created win1 "discord"
2024-02-05T13:51:24.727Z 4: Wrote 228544 byte minidump to /home/kaya-sem/.config/discord/0.0.42/modules/crashlogs/2024_02_05T13_51_24_723Z-0-minidump.dmp
2024-02-05T13:51:24.735Z 5: Sentry report: {"sdk":{"name":"sentry.javascript.electron","packages":[{"name":"npm:@sentry/electron","version":"4.13.0"}],"version":"4.13.0","integrations":["SentryMinidump","ElectronBreadcrumbs","Net","MainContext","ChildProcess","OnUncaughtException","PreloadInjection","AdditionalContext","Screenshots","InboundFilters","FunctionToString","Console","Http","Undici","OnUnhandledRejection","ContextLines","LocalVariables","Modules","RequestData","LinkedErrors"]},"contexts":{"trace":{"trace_id":"b138e7b89df24bfebc30d10232b3e312","span_id":"b10fae6e03f20d33"},"app":{"app_name":"discord","app_version":"0.0.42","app_start_time":"2024-02-05T13:49:12.647Z"},"os":{"kernel_version":"6.7.3-arch1-2","name":"Arch Linux"},"browser":{"name":"Chrome"},"chrome":{"name":"Chrome","type":"runtime","version":"108.0.5359.215"},"device":{"arch":"x64","family":"Desktop","language":"en-US","screen_density":1,"screen_resolution":"1920x1080","memory_size":8204820480,"free_memory":1557557248,"processor_count":8,"cpu_description":"Intel(R) Core(TM) i5-8250U CPU @ 1.60GHz","processor_frequency":1989},"node":{"name":"Node","type":"runtime","version":"16.17.1"},"runtime":{"name":"Electron","version":"22.3.26"}},"environment":"stable","release":"0.0.42","user":{"ip_address":"{{auto}}"},"tags":{"event.origin":"electron","event.environment":"native","event.process":"browser","event_type":"native","nativeBuildNumber":"null"},"level":"fatal","platform":"native","breadcrumbs":[{"timestamp":1707140954.363,"type":"http","category":"electron.net","data":{"url":"https://discord.com/api/modules/stable/versions.json?host_version=0.0.42&platform=linux&_=5690469","method":"GET","status_code":200}},{"timestamp":1707140954.364,"category":"console","level":"log","message":"2024-02-05T13:49:14.364Z [Modules] No module updates available."},{"timestamp":1707140954.365,"category":"console","level":"log","message":"splashScreen: update-check-finished true 0 false"},{"timestamp":1707140954.365,"category":"console","level":"log","message":"splashScreen.launchMainWindow: false"},{"timestamp":1707140954.481,"category":"electron","message":"powerMonitor.newListener","type":"ui"},{"timestamp":1707140954.498,"category":"electron","message":"app.web-contents-created","type":"ui"},{"timestamp":1707140954.544,"category":"electron","message":"app.browser-window-created","type":"ui"},{"timestamp":1707140954.545,"category":"console","level":"log","message":"Optional module ./ElectronTestRpc was not included."},{"timestamp":1707140954.546,"category":"electron","message":"window.show","type":"ui","data":{}},{"timestamp":1707140954.566,"category":"electron","message":"renderer.load-url","type":"ui","data":{}},{"timestamp":1707140954.567,"category":"console","level":"log","message":"splashScreen.updateSplashState launching launching {}"},{"timestamp":1707140954.568,"category":"console","level":"log","message":"splashScreen.webContentsSend: SPLASH_UPDATE_STATE SPLASH_UPDATE_STATE [ { status: 'launching' } ]"},{"timestamp":1707140954.569,"category":"electron","message":"powerMonitor.newListener","type":"ui"},{"timestamp":1707140954.569,"category":"console","level":"log","message":"blackbox: 2024-02-05T13:49:14.569Z 5 ✅ webContents.created web2 \"\""},{"timestamp":1707140954.585,"category":"electron","message":"window.maximize","type":"ui","data":{}},{"timestamp":1707140954.586,"category":"console","level":"log","message":"blackbox: 2024-02-05T13:49:14.586Z 6 ✅ window.created win2 \"Discord\""},{"timestamp":1707140954.604,"category":"electron","message":"window.blur","type":"ui","data":{"id":1,"url":"app:///app_bootstrap/splash/index.html"}},{"timestamp":1707140954.605,"category":"electron","message":"app.browser-window-blur","type":"ui"},{"timestamp":1707140954.605,"category":"electron","message":"window.focus","type":"ui","data":{}},{"timestamp":1707140954.605,"category":"electron","message":"app.browser-window-focus","type":"ui"},{"timestamp":1707140955.533,"category":"electron","message":"window.blur","type":"ui","data":{"id":2,"url":"https://discord.com/app?_=1707140954475"}},{"timestamp":1707140955.533,"category":"electron","message":"app.browser-window-blur","type":"ui"},{"timestamp":1707140956.5,"category":"console","data":{"arguments":["Initializing voice engine with audio subsystem: false"],"logger":"console"},"level":"log","message":"Initializing voice engine with audio subsystem: false"},{"timestamp":1707140956.86,"category":"console","level":"log","message":"legacyModuleUpdater: installed-module discord_krisp 1 1 true"},{"timestamp":1707140956.874,"category":"console","level":"log","message":"legacyModuleUpdater: installed-module discord_game_utils 1 1 true"},{"timestamp":1707140957.137,"category":"console","level":"log","message":"mainScreen.UpdaterEvents: UPDATER_HISTORY_QUERY_AND_TRUNCATE"},{"timestamp":1707140957.213,"category":"electron","message":"renderer.dom-ready","type":"ui","data":{"id":2,"url":"https://discord.com/app?_=1707140954475"}},{"timestamp":1707140957.229,"category":"console","level":"log","message":"mainScreen.UpdaterEvents: UPDATER_HISTORY_QUERY_AND_TRUNCATE"},{"timestamp":1707140957.27,"category":"console","data":{"arguments":["Initializing krisp module"],"logger":"console"},"level":"info","message":"Initializing krisp module"},{"timestamp":1707140958.395,"category":"console","level":"log","message":"mainScreen.UpdaterEvents: UPDATER_HISTORY_QUERY_AND_TRUNCATE"},{"timestamp":1707140959.04,"category":"console","level":"log","message":"mainScreen.UpdaterEvents: CHECK_FOR_UPDATES UPDATE_NOT_AVAILABLE"},{"timestamp":1707140959.04,"category":"console","level":"log","message":"2024-02-05T13:49:19.040Z [Modules] Checking for host updates."},{"timestamp":1707140959.193,"type":"http","category":"electron.net","data":{"url":"https://discord.com/api/updates/stable?platform=linux&version=0.0.42","method":"GET","status_code":204}},{"timestamp":1707140959.194,"category":"console","level":"log","message":"2024-02-05T13:49:19.194Z [Modules] Host is up to date."},{"timestamp":1707140959.194,"category":"console","level":"log","message":"2024-02-05T13:49:19.194Z [Modules] Checking for module updates at https://discord.com/api/modules/stable/versions.json"},{"timestamp":1707140959.198,"type":"http","category":"electron.net","data":{"url":"https://discord.com/api/modules/stable/versions.json?host_version=0.0.42&platform=linux&_=5690469","method":"GET","status_code":200}},{"timestamp":1707140959.2,"category":"console","level":"log","message":"2024-02-05T13:49:19.200Z [Modules] No module updates available."},{"timestamp":1707140959.201,"category":"console","level":"log","message":"legacyModuleUpdater: update-check-finished"},{"timestamp":1707140959.219,"category":"console","level":"log","message":"legacyModuleUpdater: installed-module discord_rpc 1 1 true"},{"timestamp":1707140959.302,"category":"console","level":"log","message":"mainScreen.on(did-finish-load) false false"},{"timestamp":1707140959.303,"category":"console","level":"log","message":"splashScreen.pageReady"},{"timestamp":1707140959.304,"category":"electron","message":"window.show","type":"ui","data":{"id":2,"url":"https://discord.com/app?_=1707140954475","title":""}},{"timestamp":1707140959.304,"category":"console","level":"log","message":"blackbox: 2024-02-05T13:49:19.304Z 7 ✅ webContents.did-finish-load web2"},{"timestamp":1707140959.31,"category":"electron","message":"window.focus","type":"ui","data":{"id":2,"url":"https://discord.com/app?_=1707140954475","title":""}},{"timestamp":1707140959.31,"category":"electron","message":"app.browser-window-focus","type":"ui"},{"timestamp":1707140959.366,"category":"console","level":"log","message":"mainScreen.UpdaterEvents: UPDATER_HISTORY_QUERY_AND_TRUNCATE"},{"timestamp":1707140959.404,"category":"electron","message":"window.hide","type":"ui","data":{"id":1,"url":"app:///app_bootstrap/splash/index.html"}},{"timestamp":1707140959.404,"category":"electron","message":"window.close","type":"ui","data":{"id":1,"url":"app:///app_bootstrap/splash/index.html"}},{"timestamp":1707140959.405,"category":"electron","message":"renderer.destroyed","type":"ui","data":{"id":1,"url":"app:///app_bootstrap/splash/index.html"}},{"timestamp":1707140959.574,"category":"electron","message":"window.closed","type":"ui","data":{"id":1,"url":"app:///app_bootstrap/splash/index.html"}},{"timestamp":1707140959.583,"category":"console","level":"log","message":"blackbox: 2024-02-05T13:49:19.582Z 8 window.close win1"},{"timestamp":1707140959.696,"category":"console","level":"log","message":"blackbox: 2024-02-05T13:49:19.696Z 9 webContents.destroyed web1"},{"timestamp":1707140959.869,"category":"console","level":"log","message":"blackbox: 2024-02-05T13:49:19.869Z 10 window.closed win1"},{"timestamp":1707140960.475,"category":"electron","message":"window.blur","type":"ui","data":{"id":2,"url":"https://discord.com/login","title":""}},{"timestamp":1707140960.475,"category":"electron","message":"app.browser-window-blur","type":"ui"},{"timestamp":1707140981.957,"category":"electron","message":"window.focus","type":"ui","data":{"id":2,"url":"https://discord.com/login","title":""}},{"timestamp":1707140981.957,"category":"electron","message":"app.browser-window-focus","type":"ui"},{"timestamp":1707140982.452,"category":"electron","message":"window.blur","type":"ui","data":{"id":2,"url":"https://discord.com/login","title":""}},{"timestamp":1707140982.453,"category":"electron","message":"app.browser-window-blur","type":"ui"},{"timestamp":1707140982.871,"category":"electron","message":"window.focus","type":"ui","data":{"id":2,"url":"https://discord.com/login","title":""}},{"timestamp":1707140982.872,"category":"electron","message":"app.browser-window-focus","type":"ui"},{"timestamp":1707140984.482,"category":"ui.click","message":"button.button_afdfd9.lookFilled__19298.colorPrimary__6ed40.sizeMedium_c6fa98.grow__4c8a4[type=\"button\"]"},{"timestamp":1707140985.19,"category":"electron","message":"window.blur","type":"ui","data":{"id":2,"url":"https://discord.com/login","title":""}},{"timestamp":1707140985.19,"category":"electron","message":"app.browser-window-blur","type":"ui"},{"timestamp":1707140997.058,"category":"electron","message":"window.focus","type":"ui","data":{"id":2,"url":"https://discord.com/login","title":""}},{"timestamp":1707140997.058,"category":"electron","message":"app.browser-window-focus","type":"ui"},{"timestamp":1707140997.985,"category":"electron","message":"window.blur","type":"ui","data":{"id":2,"url":"https://discord.com/login","title":""}},{"timestamp":1707140997.986,"category":"electron","message":"app.browser-window-blur","type":"ui"},{"timestamp":1707141000.035,"category":"electron","message":"window.focus","type":"ui","data":{"id":2,"url":"https://discord.com/login","title":""}},{"timestamp":1707141000.036,"category":"electron","message":"app.browser-window-focus","type":"ui"},{"timestamp":1707141000.045,"category":"electron","message":"window.blur","type":"ui","data":{"id":2,"url":"https://discord.com/login","title":""}},{"timestamp":1707141000.045,"category":"electron","message":"app.browser-window-blur","type":"ui"},{"timestamp":1707141000.046,"category":"electron","message":"window.focus","type":"ui","data":{"id":2,"url":"https://discord.com/login","title":""}},{"timestamp":1707141000.046,"category":"electron","message":"app.browser-window-focus","type":"ui"},{"timestamp":1707141001.036,"category":"electron","message":"window.blur","type":"ui","data":{"id":2,"url":"https://discord.com/login","title":""}},{"timestamp":1707141001.037,"category":"electron","message":"app.browser-window-blur","type":"ui"},{"timestamp":1707141004.07,"category":"electron","message":"window.focus","type":"ui","data":{"id":2,"url":"https://discord.com/login","title":""}},{"timestamp":1707141004.07,"category":"electron","message":"app.browser-window-focus","type":"ui"},{"timestamp":1707141004.137,"category":"ui.click","message":"div.app_b1f720 > div.characterBackground__2820f > div.wrapper__2d9b1"},{"timestamp":1707141007.493,"category":"electron","message":"window.blur","type":"ui","data":{"id":2,"url":"https://discord.com/login","title":""}},{"timestamp":1707141007.493,"category":"electron","message":"app.browser-window-blur","type":"ui"},{"timestamp":1707141009.016,"category":"electron","message":"window.focus","type":"ui","data":{"id":2,"url":"https://discord.com/login","title":""}},{"timestamp":1707141009.016,"category":"electron","message":"app.browser-window-focus","type":"ui"},{"timestamp":1707141010.643,"category":"electron","message":"window.blur","type":"ui","data":{"id":2,"url":"https://discord.com/login","title":""}},{"timestamp":1707141010.644,"category":"electron","message":"app.browser-window-blur","type":"ui"},{"timestamp":1707141047.235,"category":"electron","message":"window.focus","type":"ui","data":{"id":2,"url":"https://discord.com/login","title":""}},{"timestamp":1707141047.235,"category":"electron","message":"app.browser-window-focus","type":"ui"},{"timestamp":1707141047.333,"category":"ui.click","message":"input#uid_18.inputDefault__80165.input_d266e7.inputField__79601[aria-label=\"Email or Phone Number\"][type=\"text\"][name=\"email\"]"},{"timestamp":1707141049.006,"category":"electron","message":"window.blur","type":"ui","data":{"id":2,"url":"https://discord.com/login","title":""}},{"timestamp":1707141049.006,"category":"electron","message":"app.browser-window-blur","type":"ui"},{"timestamp":1707141049.484,"category":"electron","message":"window.focus","type":"ui","data":{"id":2,"url":"https://discord.com/login","title":""}},{"timestamp":1707141049.485,"category":"electron","message":"app.browser-window-focus","type":"ui"},{"timestamp":1707141049.572,"category":"ui.click","message":"input#uid_20.inputDefault__80165.input_d266e7[aria-label=\"Password\"][type=\"password\"][name=\"password\"]"},{"timestamp":1707141050.049,"category":"console","level":"log","message":"legacyModuleUpdater: installed-module discord_spellcheck 1 1 true"},{"timestamp":1707141050.052,"category":"console","level":"log","message":"mainScreen.UpdaterEvents: UPDATER_HISTORY_QUERY_AND_TRUNCATE"},{"timestamp":1707141050.15,"category":"ui.click","message":"button.marginBottom8_f4aae3.button__47891.button_afdfd9.lookFilled__19298.colorBrand_b2253e.sizeLarge__9049d.fullWidth__7c3e8.grow__4c8a4[type=\"submit\"]"},{"timestamp":1707141056.003,"category":"ui.click","message":"div.inputWrapper__934f5 > input.inputDefault__80165.input_d266e7[type=\"text\"]"},{"timestamp":1707141056.772,"category":"ui.input","message":"div.inputWrapper__934f5 > input.inputDefault__80165.input_d266e7[type=\"text\"]"},{"timestamp":1707141058.546,"category":"ui.input","message":"input.inputDefault__80165.input_d266e7.error__18f19[type=\"text\"]"},{"timestamp":1707141059.097,"category":"ui.click","message":"button.button_afdfd9.lookFilled__19298.colorBrand_b2253e.sizeMedium_c6fa98.grow__4c8a4[type=\"submit\"]"},{"timestamp":1707141084.462,"category":"console","level":"log","message":"Discord 0.0.42"},{"timestamp":1707141084.593,"category":"electron","message":"app.will-finish-launching","type":"ui"},{"timestamp":1707141084.604,"category":"electron","message":"app.ready","type":"ui"},{"timestamp":1707141084.614,"category":"electron","message":"app.session-created","type":"ui"},{"timestamp":1707141084.615,"category":"console","level":"log","message":"Starting app."},{"timestamp":1707141084.619,"category":"console","level":"log","message":"Starting updater."},{"timestamp":1707141084.62,"category":"console","level":"log","message":"2024-02-05T13:51:24.620Z [Modules] Modules initializing"},{"timestamp":1707141084.621,"category":"console","level":"log","message":"2024-02-05T13:51:24.621Z [Modules] Distribution: remote"},{"timestamp":1707141084.621,"category":"console","level":"log","message":"2024-02-05T13:51:24.621Z [Modules] Host updates: enabled"},{"timestamp":1707141084.621,"category":"console","level":"log","message":"2024-02-05T13:51:24.621Z [Modules] Module updates: enabled"},{"timestamp":1707141084.621,"category":"console","level":"log","message":"2024-02-05T13:51:24.621Z [Modules] Module install path: /home/kaya-sem/.config/discord/0.0.42/modules"},{"timestamp":1707141084.622,"category":"console","level":"log","message":"2024-02-05T13:51:24.622Z [Modules] Module installed file path: /home/kaya-sem/.config/discord/0.0.42/modules/installed.json"},{"timestamp":1707141084.622,"category":"console","level":"log","message":"2024-02-05T13:51:24.622Z [Modules] Module download path: /home/kaya-sem/.config/discord/0.0.42/modules/pending"},{"timestamp":1707141084.625,"category":"console","level":"log","message":"splashScreen.initSplash(false)"},{"timestamp":1707141084.636,"category":"electron","message":"app.web-contents-created","type":"ui"},{"timestamp":1707141084.638,"category":"electron","message":"app.browser-window-created","type":"ui"},{"timestamp":1707141084.648,"category":"electron","message":"renderer.load-url","type":"ui","data":{}},{"timestamp":1707141084.653,"category":"console","level":"log","message":"blackbox: 2024-02-05T13:51:24.653Z 0 \n\n----------------------------------------------"},{"timestamp":1707141084.67,"category":"console","level":"log","message":"blackbox: 2024-02-05T13:51:24.670Z 1 Discord starting: {\"releaseChannel\":\"stable\",\"version\":\"0.0.42\"}, modulepath: /home/kaya-sem/.config/discord/0.0.42/modules"},{"timestamp":1707141084.462,"category":"console","level":"log","message":"Discord 0.0.42"},{"timestamp":1707141084.593,"category":"electron","message":"app.will-finish-launching","type":"ui"},{"timestamp":1707141084.604,"category":"electron","message":"app.ready","type":"ui"},{"timestamp":1707141084.614,"category":"electron","message":"app.session-created","type":"ui"},{"timestamp":1707141084.615,"category":"console","level":"log","message":"Starting app."},{"timestamp":1707141084.619,"category":"console","level":"log","message":"Starting updater."},{"timestamp":1707141084.62,"category":"console","level":"log","message":"2024-02-05T13:51:24.620Z [Modules] Modules initializing"},{"timestamp":1707141084.621,"category":"console","level":"log","message":"2024-02-05T13:51:24.621Z [Modules] Distribution: remote"},{"timestamp":1707141084.621,"category":"console","level":"log","message":"2024-02-05T13:51:24.621Z [Modules] Host updates: enabled"},{"timestamp":1707141084.621,"category":"console","level":"log","message":"2024-02-05T13:51:24.621Z [Modules] Module updates: enabled"},{"timestamp":1707141084.621,"category":"console","level":"log","message":"2024-02-05T13:51:24.621Z [Modules] Module install path: /home/kaya-sem/.config/discord/0.0.42/modules"},{"timestamp":1707141084.622,"category":"console","level":"log","message":"2024-02-05T13:51:24.622Z [Modules] Module installed file path: /home/kaya-sem/.config/discord/0.0.42/modules/installed.json"},{"timestamp":1707141084.622,"category":"console","level":"log","message":"2024-02-05T13:51:24.622Z [Modules] Module download path: /home/kaya-sem/.config/discord/0.0.42/modules/pending"},{"timestamp":1707141084.625,"category":"console","level":"log","message":"splashScreen.initSplash(false)"},{"timestamp":1707141084.636,"category":"electron","message":"app.web-contents-created","type":"ui"},{"timestamp":1707141084.638,"category":"electron","message":"app.browser-window-created","type":"ui"},{"timestamp":1707141084.648,"category":"electron","message":"renderer.load-url","type":"ui","data":{}},{"timestamp":1707141084.653,"category":"console","level":"log","message":"blackbox: 2024-02-05T13:51:24.653Z 0 \n\n----------------------------------------------"},{"timestamp":1707141084.67,"category":"console","level":"log","message":"blackbox: 2024-02-05T13:51:24.670Z 1 Discord starting: {\"releaseChannel\":\"stable\",\"version\":\"0.0.42\"}, modulepath: /home/kaya-sem/.config/discord/0.0.42/modules"},{"timestamp":1707141084.696,"category":"console","level":"log","message":"blackbox: 2024-02-05T13:51:24.696Z 2 ✅ webContents.created web1 \"\""}],"modules":{"mkdirp":"0.5.5","rimraf":"2.7.1","glob":"7.1.7","fs.realpath":"1.0.0","minimatch":"3.1.2","brace-expansion":"1.1.11","concat-map":"0.0.1","balanced-match":"1.0.2","inherits":"2.0.4","path-is-absolute":"1.0.1","inflight":"1.0.6","wrappy":"1.0.2","once":"1.4.0","yauzl":"2.10.0","fd-slicer":"1.1.0","pend":"1.2.0","buffer-crc32":"0.2.13","request":"2.88.0","extend":"3.0.2","tough-cookie":"2.4.3","psl":"1.8.0","json-stringify-safe":"5.0.1","safe-buffer":"5.2.1","aws-sign2":"0.7.0","aws4":"1.11.0","http-signature":"1.2.0","assert-plus":"1.0.0","sshpk":"1.16.1","safer-buffer":"2.1.2","asn1":"0.2.4","ecc-jsbn":"0.1.2","jsbn":"0.1.1","tweetnacl":"0.14.5","jsprim":"1.4.1","extsprintf":"1.3.0","verror":"1.10.0","core-util-is":"1.0.2","json-schema":"0.2.3","mime-types":"2.1.32","mime-db":"1.49.0","caseless":"0.12.0","forever-agent":"0.6.1","form-data":"2.3.3","combined-stream":"1.0.8","delayed-stream":"1.0.0","asynckit":"0.4.0","isstream":"0.1.2","is-typedarray":"1.0.0","qs":"6.5.3","har-validator":"5.1.5","ajv":"6.12.6","uri-js":"4.4.1","fast-deep-equal":"3.1.3","json-schema-traverse":"0.4.1","fast-json-stable-stringify":"2.1.0","har-schema":"2.0.0","uuid":"3.4.0","oauth-sign":"0.9.0","tunnel-agent":"0.6.0","performance-now":"2.1.0","arch":"2.2.0","https-proxy-agent":"5.0.1","ms":"2.1.2","agent-base":"6.0.2","lru_map":"0.3.3","cookie":"0.5.0","deepmerge":"4.3.0"},"event_id":"3506eec4721644fe861cfb37ce68a119","timestamp":1707141084.702,"extra":{"release_channel":"stable","sentry":{"environment":"stable","release":"0.0.42"},"wm":"KDE,unknown"}}
2024-02-05T13:51:25.715Z 6: ✅ webContents.created web2 ""
2024-02-05T13:51:25.735Z 7: ✅ window.created win2 "Discord"
2024-02-05T13:51:25.766Z 8: ✅ webContents.did-finish-load web1
2024-02-05T13:51:29.904Z 9: ✅ webContents.did-finish-load web2
2024-02-05T13:51:30.003Z 10: window.close win1
2024-02-05T13:51:30.018Z 11: webContents.destroyed web1
2024-02-05T13:51:30.022Z 12: window.closed win1
2024-02-05T13:52:56.980Z 13: window.close win2
2024-02-05T13:52:56.983Z 14: before-quit
2024-02-05T13:52:56.985Z 15: window.close win2
2024-02-05T13:52:57.014Z 16: webContents.destroyed web2
2024-02-05T13:54:03.473Z 0: 

----------------------------------------------
2024-02-05T13:54:03.500Z 1: Discord starting: {"releaseChannel":"stable","version":"0.0.42"}, modulepath: /home/kaya-sem/.config/discord/0.0.42/modules
2024-02-05T13:54:03.537Z 2: ✅ webContents.created web1 ""
2024-02-05T13:54:03.544Z 3: ✅ window.created win1 "discord"
2024-02-05T13:54:04.417Z 4: ✅ webContents.did-finish-load web1
2024-02-05T13:54:04.734Z 5: ✅ webContents.created web2 ""
2024-02-05T13:54:04.742Z 6: ✅ window.created win2 "Discord"
2024-02-05T13:54:09.381Z 7: ✅ webContents.did-finish-load web2
2024-02-05T13:54:09.481Z 8: window.close win1
2024-02-05T13:54:09.516Z 9: webContents.destroyed web1
2024-02-05T13:54:09.522Z 10: window.closed win1
2024-02-05T13:58:58.936Z 11: window.close win2
2024-02-05T13:58:58.943Z 12: before-quit
2024-02-05T13:58:58.946Z 13: window.close win2
2024-02-05T13:58:59.003Z 14: webContents.destroyed web2
2024-02-05T14:07:50.538Z 0: 

----------------------------------------------
2024-02-05T14:07:50.579Z 1: Discord starting: {"releaseChannel":"stable","version":"0.0.42"}, modulepath: /home/kaya-sem/.config/discord/0.0.42/modules
2024-02-05T14:07:50.592Z 2: ✅ webContents.created web1 ""
2024-02-05T14:07:50.597Z 3: ✅ window.created win1 "discord"
2024-02-05T14:07:51.374Z 4: ✅ webContents.created web2 ""
2024-02-05T14:07:51.383Z 5: ✅ window.created win2 "Discord"
2024-02-05T14:07:51.390Z 6: ✅ webContents.did-finish-load web1
2024-02-05T14:07:56.062Z 7: ✅ webContents.did-finish-load web2
2024-02-05T14:07:56.166Z 8: window.close win1
2024-02-05T14:07:56.190Z 9: webContents.destroyed web1
2024-02-05T14:07:56.205Z 10: window.closed win1
2024-02-05T14:08:13.560Z 11: window.close win2
2024-02-05T14:08:13.568Z 12: before-quit
2024-02-05T14:08:13.572Z 13: window.close win2
2024-02-05T14:08:13.707Z 14: webContents.destroyed web2
2024-02-05T14:13:20.124Z 0: 

----------------------------------------------
2024-02-05T14:13:20.141Z 1: Discord starting: {"releaseChannel":"stable","version":"0.0.42"}, modulepath: /home/kaya-sem/.config/discord/0.0.42/modules
2024-02-05T14:13:20.172Z 2: ✅ webContents.created web1 ""
2024-02-05T14:13:20.178Z 3: ✅ window.created win1 "discord"
2024-02-05T14:13:21.050Z 4: ✅ webContents.did-finish-load web1
2024-02-05T14:13:21.227Z 5: ✅ webContents.created web2 ""
2024-02-05T14:13:21.232Z 6: ✅ window.created win2 "Discord"
2024-02-05T14:13:26.187Z 7: ✅ webContents.did-finish-load web2
2024-02-05T14:13:26.289Z 8: window.close win1
2024-02-05T14:13:26.313Z 9: webContents.destroyed web1
2024-02-05T14:13:26.315Z 10: window.closed win1
2024-02-05T14:22:35.307Z 11: window.close win2
2024-02-05T14:22:35.312Z 12: before-quit
2024-02-05T14:22:35.315Z 13: window.close win2
2024-02-05T14:22:35.509Z 14: webContents.destroyed web2
2024-02-05T15:02:56.533Z 0: 

----------------------------------------------
2024-02-05T15:02:56.557Z 1: Discord starting: {"releaseChannel":"stable","version":"0.0.42"}, modulepath: /home/kaya-sem/.config/discord/0.0.42/modules
2024-02-05T15:02:56.564Z 2: ✅ webContents.created web1 ""
2024-02-05T15:02:56.567Z 3: ✅ window.created win1 "discord"
2024-02-05T15:03:02.604Z 4: ✅ webContents.did-finish-load web1
2024-02-05T15:03:02.841Z 5: ✅ webContents.created web2 ""
2024-02-05T15:03:02.848Z 6: ✅ window.created win2 "Discord"
2024-02-05T15:03:06.164Z 7: ✅ webContents.did-finish-load web2
2024-02-05T15:03:06.267Z 8: window.close win1
2024-02-05T15:03:06.276Z 9: webContents.destroyed web1
2024-02-05T15:03:06.286Z 10: window.closed win1
2024-02-05T15:04:07.263Z 11: window.close win2
2024-02-05T15:04:07.274Z 12: before-quit
2024-02-05T15:04:07.277Z 13: window.close win2
2024-02-05T15:04:07.339Z 14: webContents.destroyed web2
2024-02-06T16:13:32.403Z 0: 

----------------------------------------------
2024-02-06T16:13:32.441Z 1: Discord starting: {"releaseChannel":"stable","version":"0.0.42"}, modulepath: /home/kaya-sem/.config/discord/0.0.42/modules
2024-02-06T16:13:32.451Z 2: ✅ webContents.created web1 ""
2024-02-06T16:13:32.458Z 3: ✅ window.created win1 "discord"
2024-02-06T16:13:33.017Z 4: ✅ webContents.did-finish-load web1
2024-02-06T16:13:37.756Z 5: ✅ webContents.created web2 ""
2024-02-06T16:13:37.762Z 6: ✅ window.created win2 "Discord"
2024-02-06T16:13:41.515Z 7: ✅ webContents.did-finish-load web2
2024-02-06T16:13:41.615Z 8: window.close win1
2024-02-06T16:13:41.681Z 9: webContents.destroyed web1
2024-02-06T16:13:41.697Z 10: window.closed win1
2024-02-06T16:14:45.235Z 11: window.close win2
2024-02-06T16:14:45.238Z 12: before-quit
2024-02-06T16:14:45.240Z 13: window.close win2
2024-02-06T16:14:45.263Z 14: webContents.destroyed web2
2024-02-08T19:47:21.157Z 0: 

----------------------------------------------
2024-02-08T19:47:21.179Z 1: Discord starting: {"releaseChannel":"stable","version":"0.0.42"}, modulepath: /home/kaya-sem/.config/discord/0.0.42/modules
2024-02-08T19:47:21.208Z 2: ✅ webContents.created web1 ""
2024-02-08T19:47:21.217Z 3: ✅ window.created win1 "discord"
2024-02-08T19:47:21.978Z 4: ✅ webContents.did-finish-load web1
2024-02-08T19:47:22.308Z 5: ✅ webContents.created web2 ""
2024-02-08T19:47:22.314Z 6: ✅ window.created win2 "Discord"
2024-02-08T19:47:26.197Z 7: ✅ webContents.did-finish-load web2
2024-02-08T19:47:26.296Z 8: window.close win1
2024-02-08T19:47:26.313Z 9: webContents.destroyed web1
2024-02-08T19:47:26.318Z 10: window.closed win1
2024-02-08T19:56:36.583Z 11: window.close win2
2024-02-08T19:56:36.587Z 12: before-quit
2024-02-08T19:56:36.589Z 13: window.close win2
2024-02-08T19:56:36.670Z 14: webContents.destroyed web2
2024-02-09T13:01:15.022Z 0: 

----------------------------------------------
2024-02-09T13:01:15.036Z 1: Discord starting: {"releaseChannel":"stable","version":"0.0.42"}, modulepath: /home/kaya-sem/.config/discord/0.0.42/modules
2024-02-09T13:01:15.059Z 2: ✅ webContents.created web1 ""
2024-02-09T13:01:15.064Z 3: ✅ window.created win1 "discord"
2024-02-09T13:01:15.612Z 4: ✅ webContents.did-finish-load web1
2024-02-09T13:01:15.887Z 5: ✅ webContents.created web2 ""
2024-02-09T13:01:15.890Z 6: ✅ window.created win2 "Discord"
2024-02-09T13:01:19.517Z 7: ✅ webContents.did-finish-load web2
2024-02-09T13:01:19.617Z 8: window.close win1
2024-02-09T13:01:19.626Z 9: webContents.destroyed web1
2024-02-09T13:01:19.635Z 10: window.closed win1
2024-02-09T13:25:17.071Z 11: window.close win2
2024-02-09T13:25:17.076Z 12: before-quit
2024-02-09T13:25:17.079Z 13: window.close win2
2024-02-09T13:25:17.141Z 14: webContents.destroyed web2
2024-02-09T18:12:20.311Z 0: 

----------------------------------------------
2024-02-09T18:12:20.336Z 1: Discord starting: {"releaseChannel":"stable","version":"0.0.42"}, modulepath: /home/kaya-sem/.config/discord/0.0.42/modules
2024-02-09T18:12:20.380Z 2: ✅ webContents.created web1 ""
2024-02-09T18:12:20.398Z 3: ✅ window.created win1 "discord"
2024-02-09T18:12:21.577Z 4: ✅ webContents.created web2 ""
2024-02-09T18:12:21.586Z 5: ✅ window.created win2 "Discord"
2024-02-09T18:12:21.634Z 6: ✅ webContents.did-finish-load web1
2024-02-09T18:12:28.122Z 7: ✅ webContents.did-finish-load web2
2024-02-09T18:12:28.223Z 8: window.close win1
2024-02-09T18:12:28.268Z 9: webContents.destroyed web1
2024-02-09T18:12:28.278Z 10: window.closed win1
2024-02-09T18:18:44.426Z 11: window.close win2
2024-02-09T18:18:44.430Z 12: before-quit
2024-02-09T18:18:44.432Z 13: window.close win2
2024-02-09T18:18:44.586Z 14: webContents.destroyed web2
2024-02-09T20:16:03.066Z 0: 

----------------------------------------------
2024-02-09T20:16:03.089Z 1: Discord starting: {"releaseChannel":"stable","version":"0.0.42"}, modulepath: /home/kaya-sem/.config/discord/0.0.42/modules
2024-02-09T20:16:03.097Z 2: ✅ webContents.created web1 ""
2024-02-09T20:16:03.102Z 3: ✅ window.created win1 "discord"
2024-02-09T20:16:03.650Z 4: ✅ webContents.did-finish-load web1
2024-02-09T20:16:04.000Z 5: ✅ webContents.created web2 ""
2024-02-09T20:16:04.015Z 6: ✅ window.created win2 "Discord"
2024-02-09T20:16:07.421Z 7: ✅ webContents.did-finish-load web2
2024-02-09T20:16:07.522Z 8: window.close win1
2024-02-09T20:16:07.541Z 9: webContents.destroyed web1
2024-02-09T20:16:07.547Z 10: window.closed win1
2024-02-09T20:27:57.288Z 11: window.close win2
2024-02-09T20:27:57.296Z 12: before-quit
2024-02-09T20:27:57.300Z 13: window.close win2
2024-02-09T20:27:57.399Z 14: webContents.destroyed web2
2024-02-09T20:56:51.630Z 0: 

----------------------------------------------
2024-02-09T20:56:51.654Z 1: Discord starting: {"releaseChannel":"stable","version":"0.0.42"}, modulepath: /home/kaya-sem/.config/discord/0.0.42/modules
2024-02-09T20:56:51.661Z 2: ✅ webContents.created web1 ""
2024-02-09T20:56:51.665Z 3: ✅ window.created win1 "discord"
2024-02-09T20:56:52.301Z 4: ✅ webContents.did-finish-load web1
2024-02-09T20:56:52.530Z 5: ✅ webContents.created web2 ""
2024-02-09T20:56:52.535Z 6: ✅ window.created win2 "Discord"
2024-02-09T20:56:55.901Z 7: ✅ webContents.did-finish-load web2
2024-02-09T20:56:56.003Z 8: window.close win1
2024-02-09T20:56:56.021Z 9: webContents.destroyed web1
2024-02-09T20:56:56.027Z 10: window.closed win1
2024-02-09T20:57:15.838Z 11: window.close win2
2024-02-09T20:57:15.845Z 12: before-quit
2024-02-09T20:57:15.847Z 13: window.close win2
2024-02-09T20:57:15.913Z 14: webContents.destroyed web2
2024-02-10T11:38:46.677Z 0: 

----------------------------------------------
2024-02-10T11:38:46.696Z 1: Discord starting: {"releaseChannel":"stable","version":"0.0.42"}, modulepath: /home/kaya-sem/.config/discord/0.0.42/modules
2024-02-10T11:38:46.723Z 2: ✅ webContents.created web1 ""
2024-02-10T11:38:46.729Z 3: ✅ window.created win1 "discord"
2024-02-10T11:38:52.805Z 4: ✅ webContents.did-finish-load web1
2024-02-10T11:38:53.071Z 5: ✅ webContents.created web2 ""
2024-02-10T11:38:53.083Z 6: ✅ window.created win2 "Discord"
2024-02-10T11:38:58.045Z 7: ✅ webContents.did-finish-load web2
2024-02-10T11:38:58.146Z 8: window.close win1
2024-02-10T11:38:58.165Z 9: webContents.destroyed web1
2024-02-10T11:38:58.170Z 10: window.closed win1
2024-02-10T11:42:54.661Z 11: window.close win2
2024-02-10T11:42:54.668Z 12: before-quit
2024-02-10T11:42:54.674Z 13: window.close win2
2024-02-10T11:42:54.771Z 14: webContents.destroyed web2
2024-02-10T12:20:19.137Z 0: 

----------------------------------------------
2024-02-10T12:20:19.174Z 1: Discord starting: {"releaseChannel":"stable","version":"0.0.42"}, modulepath: /home/kaya-sem/.config/discord/0.0.42/modules
2024-02-10T12:20:19.185Z 2: ✅ webContents.created web1 ""
2024-02-10T12:20:19.190Z 3: ✅ window.created win1 "discord"
2024-02-10T12:20:25.338Z 4: ✅ webContents.did-finish-load web1
2024-02-10T12:20:25.612Z 5: ✅ webContents.created web2 ""
2024-02-10T12:20:25.631Z 6: ✅ window.created win2 "Discord"
2024-02-10T12:20:30.812Z 7: ✅ webContents.did-finish-load web2
2024-02-10T12:20:30.912Z 8: window.close win1
2024-02-10T12:20:30.951Z 9: webContents.destroyed web1
2024-02-10T12:20:30.955Z 10: window.closed win1
2024-02-10T12:21:52.178Z 11: window.close win2
2024-02-10T12:21:52.187Z 12: before-quit
2024-02-10T12:21:52.191Z 13: window.close win2
2024-02-10T12:21:52.291Z 14: webContents.destroyed web2
